#
#model:
#
#<?xml version="1.0" encoding="UTF-8" standalone="no"?><input id="posterior" spec="beast.base.inference.CompoundDistribution">
#    <distribution id="prior" spec="beast.base.inference.CompoundDistribution">
#        <distribution id="YuleModel.t:crimvlg_aa_trimmed" spec="beast.base.evolution.speciation.YuleModel">
#            <parameter id="birthRate.t:crimvlg_aa_trimmed" lower="0.0" name="birthDiffRate" spec="beast.base.inference.parameter.RealParameter">1.0</parameter>
#            <tree id="Tree.t:crimvlg_aa_trimmed" spec="beast.base.evolution.tree.Tree">
#                <taxonset id="TaxonSet.crimvlg_aa_trimmed" spec="beast.base.evolution.alignment.TaxonSet">
#                </taxonset>
#            </tree>
#        </distribution>
#        <distribution id="OBAMA_PropInvariablePrior.s:crimvlg_aa_trimmed" spec="bmodeltest.math.distributions.BMTPrior">
#            <count id="OBAMA_hasInvariableSites.s:crimvlg_aa_trimmed" spec="beast.base.inference.parameter.IntegerParameter">1</count>
#            <parameter id="OBAMA_ProportionInvariable.s:crimvlg_aa_trimmed" lower="0.0" name="x" spec="beast.base.inference.parameter.RealParameter" upper="1.0">0.1</parameter>
#            <Beta id="Beta.0" name="distr">
#                <alpha id="Function$Constant.6" spec="beast.base.core.Function$Constant" value="1.0"/>
#                <beta id="Function$Constant.7" spec="beast.base.core.Function$Constant" value="4.0"/>
#            </Beta>
#        </distribution>
#        <prior id="OBAMA_freqsPrior.s:crimvlg_aa_trimmed" name="distribution">
#            <parameter dimension="20" id="OBAMA_frequencies.s:crimvlg_aa_trimmed" lower="0.0" name="x" spec="beast.base.inference.parameter.RealParameter" upper="1.0">0.05</parameter>
#            <distr id="OBMAMA_Dirichlet" spec="beast.base.inference.distribution.Dirichlet">
#                <parameter dimension="20" id="RealParameter" lower="0.0" name="alpha" spec="beast.base.inference.parameter.RealParameter" upper="0.0">4.0 4.0 4.0 4.0 4.0 4.0 4.0 4.0 4.0 4.0 4.0 4.0 4.0 4.0 4.0 4.0 4.0 4.0 4.0 4.0</parameter>
#            </distr>
#        </prior>
#        <distribution id="OBAMA_GammaShapePrior.s:crimvlg_aa_trimmed" spec="bmodeltest.math.distributions.BMTPrior">
#            <count id="OBAMA_hasGammaRates.s:crimvlg_aa_trimmed" spec="beast.base.inference.parameter.IntegerParameter">1</count>
#            <parameter id="OBAMA_gammaShape.s:crimvlg_aa_trimmed" lower="0.1" name="x" spec="beast.base.inference.parameter.RealParameter">1.0</parameter>
#            <Exponential id="Exponential.0" name="distr">
#                <parameter estimate="false" id="RealParameter.0" name="mean" spec="beast.base.inference.parameter.RealParameter">1.0</parameter>
#            </Exponential>
#        </distribution>
#        <prior id="ORCRatePriorDistribution.c:crimvlg_3di_trimmed" name="distribution">
#            <parameter dimension="284" id="ORCRates.c:crimvlg_3di_trimmed" lower="1.0E-100" name="x" spec="beast.base.inference.parameter.RealParameter">0.5</parameter>
#            <LogNormal id="LogNormalDistributionModel.5" meanInRealSpace="true" name="distr">
#                <parameter estimate="false" id="RealParameter.24" name="M" spec="beast.base.inference.parameter.RealParameter">1.0</parameter>
#                <parameter id="ORCsigma.c:crimvlg_3di_trimmed" lower="0.0" name="S" spec="beast.base.inference.parameter.RealParameter">0.2</parameter>
#            </LogNormal>
#        </prior>
#        <prior id="ORCRatePriorDistribution.c:crimvlg_aa_trimmed" name="distribution">
#            <parameter dimension="284" id="ORCRates.c:crimvlg_aa_trimmed" lower="1.0E-100" name="x" spec="beast.base.inference.parameter.RealParameter">0.5</parameter>
#            <LogNormal id="LogNormalDistributionModel.3" meanInRealSpace="true" name="distr">
#                <parameter estimate="false" id="RealParameter.16" name="M" spec="beast.base.inference.parameter.RealParameter">1.0</parameter>
#                <parameter id="ORCsigma.c:crimvlg_aa_trimmed" lower="0.0" name="S" spec="beast.base.inference.parameter.RealParameter">0.2</parameter>
#            </LogNormal>
#        </prior>
#        <prior id="ORCRatePriorDistribution.c:crimvlg_aa_trimmed_simpleindel" name="distribution">
#            <parameter dimension="284" id="ORCRates.c:crimvlg_aa_trimmed_simpleindel" lower="1.0E-100" name="x" spec="beast.base.inference.parameter.RealParameter">0.5</parameter>
#            <LogNormal id="LogNormalDistributionModel.4" meanInRealSpace="true" name="distr">
#                <parameter estimate="false" id="RealParameter.20" name="M" spec="beast.base.inference.parameter.RealParameter">1.0</parameter>
#                <parameter id="ORCsigma.c:crimvlg_aa_trimmed_simpleindel" lower="0.0" name="S" spec="beast.base.inference.parameter.RealParameter">0.2</parameter>
#            </LogNormal>
#        </prior>
#        <prior id="ORCsigmaPrior.c:crimvlg_3di_trimmed" name="distribution" x="@ORCsigma.c:crimvlg_3di_trimmed">
#            <Gamma id="Gamma.10" name="distr">
#                <parameter estimate="false" id="RealParameter.25" name="alpha" spec="beast.base.inference.parameter.RealParameter">5.0</parameter>
#                <parameter estimate="false" id="RealParameter.26" name="beta" spec="beast.base.inference.parameter.RealParameter">0.05</parameter>
#            </Gamma>
#        </prior>
#        <prior id="ORCsigmaPrior.c:crimvlg_aa_trimmed" name="distribution" x="@ORCsigma.c:crimvlg_aa_trimmed">
#            <Gamma id="Gamma.6" name="distr">
#                <parameter estimate="false" id="RealParameter.17" name="alpha" spec="beast.base.inference.parameter.RealParameter">5.0</parameter>
#                <parameter estimate="false" id="RealParameter.18" name="beta" spec="beast.base.inference.parameter.RealParameter">0.05</parameter>
#            </Gamma>
#        </prior>
#        <prior id="ORCsigmaPrior.c:crimvlg_aa_trimmed_simpleindel" name="distribution" x="@ORCsigma.c:crimvlg_aa_trimmed_simpleindel">
#            <Gamma id="Gamma.8" name="distr">
#                <parameter estimate="false" id="RealParameter.21" name="alpha" spec="beast.base.inference.parameter.RealParameter">5.0</parameter>
#                <parameter estimate="false" id="RealParameter.22" name="beta" spec="beast.base.inference.parameter.RealParameter">0.05</parameter>
#            </Gamma>
#        </prior>
#        <prior id="ORCucldMeanPrior.c:crimvlg_3di_trimmed" name="distribution">
#            <parameter id="ORCucldMean.c:crimvlg_3di_trimmed" name="x" spec="beast.base.inference.parameter.RealParameter">1.0</parameter>
#            <LogNormal id="LogNormalDistributionModel.7" meanInRealSpace="true" name="distr">
#                <parameter estimate="false" id="RealParameter.28" name="M" spec="beast.base.inference.parameter.RealParameter">1.0</parameter>
#                <parameter estimate="false" id="RealParameter.29" lower="0.0" name="S" spec="beast.base.inference.parameter.RealParameter" upper="5.0">1.0</parameter>
#            </LogNormal>
#        </prior>
#        <prior id="ORCucldMeanPrior.c:crimvlg_aa_trimmed_simpleindel" name="distribution">
#            <parameter id="ORCucldMean.c:crimvlg_aa_trimmed_simpleindel" name="x" spec="beast.base.inference.parameter.RealParameter">1.0</parameter>
#            <LogNormal id="LogNormalDistributionModel.8" meanInRealSpace="true" name="distr">
#                <parameter estimate="false" id="RealParameter.30" name="M" spec="beast.base.inference.parameter.RealParameter">1.0</parameter>
#                <parameter estimate="false" id="RealParameter.31" lower="0.0" name="S" spec="beast.base.inference.parameter.RealParameter" upper="5.0">1.0</parameter>
#            </LogNormal>
#        </prior>
#        <prior id="YuleBirthRatePrior.t:crimvlg_aa_trimmed" name="distribution" x="@birthRate.t:crimvlg_aa_trimmed">
#            <Uniform id="Uniform.1" name="distr" upper="Infinity"/>
#        </prior>
#        <prior id="FoldBeast3Di_freqsPrior.s:crimvlg_3di_trimmed" name="distribution">
#            <parameter dimension="20" id="FoldBeast3Di_frequencies.s:crimvlg_3di_trimmed" lower="0.0" name="x" spec="beast.base.inference.parameter.RealParameter" upper="1.0">0.05</parameter>
#            <distr id="FoldBeast3Di_Dirichlet.s:crimvlg_3di_trimmed" spec="beast.base.inference.distribution.Dirichlet">
#                <parameter dimension="20" id="FoldBeast3Di_Dirichlet_alpha.s:crimvlg_3di_trimmed" lower="0.0" name="alpha" spec="beast.base.inference.parameter.RealParameter" upper="0.0">4.0</parameter>
#            </distr>
#        </prior>
#        <distribution distr="@Exponential.0" id="FoldBeast3Di_GammaShapePrior.s:crimvlg_3di_trimmed" spec="bmodeltest.math.distributions.BMTPrior">
#            <count id="FoldBeast3Di_hasGammaRates.s:crimvlg_3di_trimmed" spec="beast.base.inference.parameter.IntegerParameter">1</count>
#            <parameter id="FoldBeast3Di_gammaShape.s:crimvlg_3di_trimmed" lower="0.1" name="x" spec="beast.base.inference.parameter.RealParameter">1.0</parameter>
#        </distribution>
#        <distribution id="FoldBeast3Di_PropInvariablePrior.s:crimvlg_3di_trimmed" spec="bmodeltest.math.distributions.BMTPrior">
#            <count id="FoldBeast3Di_hasInvariableSites.s:crimvlg_3di_trimmed" spec="beast.base.inference.parameter.IntegerParameter">1</count>
#            <parameter id="FoldBeast3Di_ProportionInvariable.s:crimvlg_3di_trimmed" lower="0.0" name="x" spec="beast.base.inference.parameter.RealParameter" upper="1.0">0.1</parameter>
#            <Beta id="Beta.2" name="distr">
#                <alpha id="Function$Constant.18" spec="beast.base.core.Function$Constant" value="1.0"/>
#                <beta id="Function$Constant.19" spec="beast.base.core.Function$Constant" value="4.0"/>
#            </Beta>
#        </distribution>
#    </distribution>
#    <distribution id="likelihood" spec="beast.base.inference.CompoundDistribution" useThreads="true">
#        <distribution data="@crimvlg_aa_trimmed" id="treeLikelihood.crimvlg_aa_trimmed" spec="beast.base.evolution.likelihood.ThreadedTreeLikelihood" tree="@Tree.t:crimvlg_aa_trimmed">
#            <siteModel gammaCategoryCount="4" hasGammaRates="@OBAMA_hasGammaRates.s:crimvlg_aa_trimmed" hasInvariantSites="@OBAMA_hasInvariableSites.s:crimvlg_aa_trimmed" id="OBAMA.s:crimvlg_aa_trimmed" proportionInvariant="@OBAMA_ProportionInvariable.s:crimvlg_aa_trimmed" shape="@OBAMA_gammaShape.s:crimvlg_aa_trimmed" spec="obama.sitemodel.OBAMAModelTestSiteModel">
#                <parameter estimate="false" id="OBAMA_mutationRate.s:crimvlg_aa_trimmed" name="mutationRate" spec="beast.base.inference.parameter.RealParameter">1.0</parameter>
#                <substModel id="OBAMA_substmodel.s:crimvlg_aa_trimmed" spec="obama.substitutionmodel.OBAMAModel">
#                    <useExternalFreqs id="OBAMA_useExternalFreqs.s:crimvlg_aa_trimmed" spec="beast.base.inference.parameter.BooleanParameter">false</useExternalFreqs>
#                    <model id="OBAMA_Blosum62.0" spec="obama.substitutionmodel.OBAMA_Blosum62"/>
#                    <model id="OBAMA_CpREV.0" spec="obama.substitutionmodel.OBAMA_CpREV"/>
#                    <model id="OBAMA_DCMut.0" spec="obama.substitutionmodel.OBAMA_DCMut"/>
#                    <model id="OBAMA_Dayhoff.0" spec="obama.substitutionmodel.OBAMA_Dayhoff"/>
#                    <model id="OBAMA_FLU.0" spec="obama.substitutionmodel.OBAMA_FLU"/>
#                    <model id="OBAMA_HIVb.0" spec="obama.substitutionmodel.OBAMA_HIVb"/>
#                    <model id="OBAMA_HIVw.0" spec="obama.substitutionmodel.OBAMA_HIVw"/>
#                    <model id="OBAMA_JTT.0" spec="obama.substitutionmodel.OBAMA_JTT"/>
#                    <model id="OBAMA_LG.0" spec="obama.substitutionmodel.OBAMA_LG"/>
#                    <model id="OBAMA_MtArt.0" spec="obama.substitutionmodel.OBAMA_MtArt"/>
#                    <model id="OBAMA_MtREV.0" spec="obama.substitutionmodel.OBAMA_MtREV"/>
#                    <model id="OBAMA_MtMam.0" spec="obama.substitutionmodel.OBAMA_MtMam"/>
#                    <model id="OBAMA_RtREV.0" spec="obama.substitutionmodel.OBAMA_RtREV"/>
#                    <model id="OBAMA_VT.0" spec="obama.substitutionmodel.OBAMA_VT"/>
#                    <model id="OBAMA_WAG.0" spec="obama.substitutionmodel.OBAMA_WAG"/>
#                    <modelIndicator id="OBAMA_ModelIndicator.s:crimvlg_aa_trimmed" lower="0" spec="beast.base.inference.parameter.IntegerParameter" upper="14">0</modelIndicator>
#                    <frequencies frequencies="@OBAMA_frequencies.s:crimvlg_aa_trimmed" id="OBAMA_freqs.s:crimvlg_aa_trimmed" spec="beast.base.evolution.substitutionmodel.Frequencies"/>
#                </substModel>
#            </siteModel>
#            <branchRateModel id="OptimisedRelaxedClock.c:crimvlg_aa_trimmed" rates="@ORCRates.c:crimvlg_aa_trimmed" spec="beast.base.evolution.branchratemodel.UCRelaxedClockModel" tree="@Tree.t:crimvlg_aa_trimmed">
#                <LogNormal S="@ORCsigma.c:crimvlg_aa_trimmed" id="ORCLogNormalDistributionModel.c:crimvlg_aa_trimmed" meanInRealSpace="true" name="distr">
#                    <parameter estimate="false" id="RealParameter.15" name="M" spec="beast.base.inference.parameter.RealParameter">1.0</parameter>
#                </LogNormal>
#                <parameter estimate="false" id="ORCucldMean.c:crimvlg_aa_trimmed" name="clock.rate" spec="beast.base.inference.parameter.RealParameter">1.0</parameter>
#            </branchRateModel>
#        </distribution>
#        <distribution id="treeLikelihood.crimvlg_aa_trimmed_simpleindel" spec="beast.base.evolution.likelihood.ThreadedTreeLikelihood" tree="@Tree.t:crimvlg_aa_trimmed">
#            <data data="@crimvlg_aa_trimmed" dataType="binary" id="crimvlg_aa_trimmed_simpleindel" spec="beastmap.indel.SimpleIndelCodingAlignment" statecount="2">
#                <sequence id="Sequence" spec="beast.base.evolution.alignment.Sequence" taxon="ValRS_AF_Arch_Methanobacterium_paludis_gene10668809" totalcount="2" value="0000000000001001000000--100-01-0-------0-00000000000000000000000000000000000000000000000000001000001--0-000001000000000000000000000000000000000000000000000000000000000000000000000000000000000001000"/>
#                <sequence id="Sequence1" spec="beast.base.evolution.alignment.Sequence" taxon="ValRS_AF_Euk_Arabidopsis_thaliana_gene838023" totalcount="2" value="0000000000000001000000--100-01-0-------0-00000000000000000000000000000000000000000000000000001000001--0-000001000000000000000000000000000000000000000000000000000000000000000000000000000000000001000"/>
#                <sequence id="Sequence2" spec="beast.base.evolution.alignment.Sequence" taxon="ValRS_AF_Bact_Corynebacterium_jeikeium_K411_gene3433539" totalcount="2" value="0000000000000001000000--100-01-0-------0-00000000000000000000000000000000000000000000000000001000001--0-000001000000000000000000000000000000000000000000000000000000000000000000000000000000000001000"/>
#                <sequence id="Sequence3" spec="beast.base.evolution.alignment.Sequence" taxon="ArgRS_AF_Bact_Corynebacterium_ulcerans_809_gene75260071" totalcount="2" value="0000000000001001000000--100-000000010000100000000000000000000000000000000000000000000000000001000001--0-00000100000001000000001000000000000000000000000000000000000000000000000000000000001000000-100"/>
#                <sequence id="Sequence4" spec="beast.base.evolution.alignment.Sequence" taxon="IleRS_AF_Arch_Candidatus_Nitrosopumilus_sediminis_gene13697091" totalcount="2" value="0000000000000001000000--100-00001------0-00000000000000000000000000000000000000000010000000001000001--0-000001000000000000000000000000000000000000000000000000000000000000000000000000000000000001000"/>
#                <sequence id="Sequence5" spec="beast.base.evolution.alignment.Sequence" taxon="ArgRS_AF_Bact_Brachyspira_pilosicoli_95_1000_gene56439668" totalcount="2" value="0000000000100001000000--100-000000010000100000000000000000000000000000000000000000000000000001000001--0-000001000001000000000000000000000000000000100000000000000000000000000000000000000000000001000"/>
#                <sequence id="Sequence6" spec="beast.base.evolution.alignment.Sequence" taxon="ValRS_AF_Mito_Falco_naumanni_gene121082178" totalcount="2" value="0000000000000001000000---1---0-000010000100000000000000000000000000000000000000000000000000001000001--0-0000010000000000000000000000000000000000-1--00000-000100000100001-0000-1-01000100000000001000"/>
#                <sequence id="Sequence7" spec="beast.base.evolution.alignment.Sequence" taxon="ValRS_AF_Mito_Homo_sapiens_gene57176" totalcount="2" value="0000000000000001000000---1---0-000010000100000000000000000000000000000000000000000000000000001000001--0-000001000000000000000000000000000000000000000000000000000000000000000000000000000000000001000"/>
#                <sequence id="Sequence8" spec="beast.base.evolution.alignment.Sequence" taxon="ArgRS_AF_Arch_Candidatus_Korarchaeum_cryptofilum_OPF8_gene6093502" totalcount="2" value="000000000000001-000000--100-000001--0000000000000000000000000000000000000000000000000000000001000001--0-000001000001000000000000000100000000000000-100000-0000000000000000000000000000000000000001000"/>
#                <sequence id="Sequence9" spec="beast.base.evolution.alignment.Sequence" taxon="ArgRS_AF_Arch_Desulfurococcus_mucosus_DSM_2162_gene10153309" totalcount="2" value="000000000000001-000000--100-000001--0000-10000000000000000000000000000000000000000000000000001000001--0-000001000001000000000000000100000000000000-100000-0000000000000000000000000000000000000001000"/>
#                <sequence id="Sequence10" spec="beast.base.evolution.alignment.Sequence" taxon="ArgRS_AF_Arch_Candidatus_Nitrosopumilus_sediminis_gene13697696" totalcount="2" value="000000000000001-000000--100-000000010000-10000000000000000000000000000000000000000000000000001000001--0-000001000001000000000000000100000000000000-100000-0000000000000000000000000000000000000001000"/>
#                <sequence id="Sequence11" spec="beast.base.evolution.alignment.Sequence" taxon="ArgRS_AF_Bact_Chlamydia_psittaci_6BC_gene12242456" totalcount="2" value="000000000000001-000000--100-000000010000-10000000000000000000000000000000000000000000000000001000001--0-000001000001000000000000000100000000000000-100000-0000000000000000000000000000000000000001000"/>
#                <sequence id="Sequence12" spec="beast.base.evolution.alignment.Sequence" taxon="ArgRS_AF_Bact_Anoxybacillus_flavithermus_WK1_gene7039015" totalcount="2" value="000000000000001-000000--100-000000000000-10000000000000000000000000000000000000000000000000001000001--0-000001000001000000000000000100000000000000-100000-0000000000000000000000000000000000000001000"/>
#                <sequence id="Sequence13" spec="beast.base.evolution.alignment.Sequence" taxon="ArgRS_AF_Bact_Streptobacillus_moniliformis_DSM_12112_gene29674021" totalcount="2" value="000000000000001-000000--100-000000000--1--0000000000000000000000000000000000000000000000000001000001--0-000001000001000000000000000100000000000000-100000-0000000000000000000000000000000000000001000"/>
#                <sequence id="Sequence14" spec="beast.base.evolution.alignment.Sequence" taxon="ArgRS_PDB_Euk_S_cerevisiae_1BS2" totalcount="2" value="000000000000001-000000--100-000000010000-10000000000000000000000000000000000000000000000000001000001--0-0000010000010000000000000001000000000000-1--00000-0000000000000000000000000000000000000001000"/>
#                <sequence id="Sequence15" spec="beast.base.evolution.alignment.Sequence" taxon="ArgRS_AF_Euk_Homo_sapiens_gene5917" totalcount="2" value="000000000000001-000000--100-0000000-1--0-00000000000000000000000000000000000000000000000000001000001--0-000001000001000000000000000100000000000000-100000-0000000000000000000000000000000000000001000"/>
#                <sequence id="Sequence16" spec="beast.base.evolution.alignment.Sequence" taxon="ArgRS_AF_Euk_Polyodon_spathula_gene121324634" totalcount="2" value="000000000000001-000000--100-0000000-1--0-00000000000000000000000000000000000000000000000000001000001--0-000001000001000000000000000100000000000000-100000-0000000000000000000000000000000000000001000"/>
#                <sequence id="Sequence17" spec="beast.base.evolution.alignment.Sequence" taxon="ArgRS_AF_Arch_Methanothermococcus_okinawensis_IH1_gene10773248" totalcount="2" value="000000000000001-000000--100-0000000-1--0-00000000000000000000000000000000000000000000000000001000001--0-000001000001000000000000000100000000000000-100000-0000000000000000000000000000000000000001000"/>
#                <sequence id="Sequence18" spec="beast.base.evolution.alignment.Sequence" taxon="ValRS_AF_Euk_Trypanosoma_brucei_brucei_TREU927_gene3658082" totalcount="2" value="0000000000000001000000--100-000000000000100000000000000000000000---1---0---0--0000000000000001000000100-000001000000000000000000000000000000000000000000000000000000000000000000000000000000000001000"/>
#                <sequence id="Sequence19" spec="beast.base.evolution.alignment.Sequence" taxon="ValRS_AF_Euk_Homo_sapiens_gene7407" totalcount="2" value="0000000000000001000000--100-000000000000100000000000000000000000---1---0---0--0000000000000001000000--1--00001000000000000000000000000000000000000000000000000000000000000000000000000000000000001000"/>
#                <sequence id="Sequence20" spec="beast.base.evolution.alignment.Sequence" taxon="ValRS_AF_Euk_Saccharomyces_cerevisiae_S288C_gene852986" totalcount="2" value="0000000000000001000000--100-000000000000100000000000000000000000---1---0---0--0000000000000001000000--1--00001000000000010000000000000000000000000000000000000000000000000000000000000000000000001000"/>
#                <sequence id="Sequence21" spec="beast.base.evolution.alignment.Sequence" taxon="CysRS_AF_Vir_Megavirus_chiliensis_gene11257271" totalcount="2" value="0000000000001001000000--100-0000000000001000000000000000100000---------0---0--0000000000000001000001--0-0000010000000000100000100000000000000--1-----0000--0000010-0000000000000000000000000-1-------"/>
#                <sequence id="Sequence22" spec="beast.base.evolution.alignment.Sequence" taxon="ValRS_AF_Arch_Thermoplasma_acidophilum_DSM_1728_gene1455707" totalcount="2" value="0000000000001001000000--100-0000000000001000000000000000100000---------0---0--0000000000000001000001--0-000001000000000000000000000000000000000000000000000000000000000000000000000000000000000001000"/>
#                <sequence id="Sequence23" spec="beast.base.evolution.alignment.Sequence" taxon="CysRS_AF_Bact_Lactobacillus_amylovorus_GRL1118_gene66523130" totalcount="2" value="0000000000001001000000--100-0000000000001000000000000000-10000------------------0---0000000001000000-10-0000010000000000000000000000000000000-10-0000000000000000000000000000000010000-1-------------"/>
#                <sequence id="Sequence24" spec="beast.base.evolution.alignment.Sequence" taxon="CysRS_AF_Bact_Streptobacillus_moniliformis_DSM_12112_gene29673427" totalcount="2" value="0000000000001001000000--100-0000000000001000000000000000-10000------------------0---0000000001000000-10-0000010000000000000000000000000000010-10-0000000010000000000000000000000000001---------------"/>
#                <sequence id="Sequence25" spec="beast.base.evolution.alignment.Sequence" taxon="CysRS_AF_Arch_Candidatus_Nitrosopumilus_sediminis_gene13696907" totalcount="2" value="0000000000001001000000--100-0000000000001000000000000000---100-----------------------0-0000001000000-10-000001000000000000000000010---0--00----0-00000000000000000000000010000000000000000-1---------"/>
#                <sequence id="Sequence26" spec="beast.base.evolution.alignment.Sequence" taxon="CysRS_AF_Bact_Mycoplasma_hyopneumoniae_168-L_gene57101512" totalcount="2" value="0000000000001001000000--100-0000000000001000000000000000----10-----------------------0-0100001000000-10-00100100000000000-1-----0-0------------0----00000-000--1-0-0010001000000000000001------------"/>
#                <sequence id="Sequence27" spec="beast.base.evolution.alignment.Sequence" taxon="CysRS_AF_Arch_Aciduliprofundum_boonei_T469_gene8827372" totalcount="2" value="0000000000001001000000--100-0000000000001000000000000000--1000-----------------------000000001000000-10-0000010000000000000--1--0-0---0--00----0-00000000000000000000000000000000000000000-1---------"/>
#                <sequence id="Sequence28" spec="beast.base.evolution.alignment.Sequence" taxon="CysRS_AF_Arch_Pyrobaculum_ferrireducens_gene11593896" totalcount="2" value="0000000000001001000000--100-0000000000001000000000000000-----1--------------------------000001000000-10-000001000000000000010000000000000000000000------1--------------------------------------------"/>
#                <sequence id="Sequence29" spec="beast.base.evolution.alignment.Sequence" taxon="CysRS_PDB_Bact_E_coli_1LI5_A" totalcount="2" value="0000000000001001000000--100-00000000000010000000------1---------------------------------001001000000-10-0000010000000000000000-10-0---0--00----0-000000000001-------0-000--1-------------------------"/>
#                <sequence id="Sequence30" spec="beast.base.evolution.alignment.Sequence" taxon="CysRS_PDB_Bact_M_smegmatis_3C8Z_A" totalcount="2" value="0000000000001001000000--100-00000000000010000000------1---------------------------------001001000000-10-0000010000000000000000-10-0---0--00----0-000000000001-------0-0000001------------------------"/>
#                <sequence id="Sequence31" spec="beast.base.evolution.alignment.Sequence" taxon="CysRS_AF_Arch_Methanospirillum_hungatei_JF-1_gene3922979" totalcount="2" value="0000000000001001000000--100-00000000000010000000------1---------------------------------001001000000-10-0000010000000000000000-10-0---0--00----0-000000000001-------0-0000000000000000-1-------------"/>
#                <sequence id="Sequence32" spec="beast.base.evolution.alignment.Sequence" taxon="CysRS_AF_Bact_Bordetella_avium_197N_gene41394405" totalcount="2" value="0000000000001001000000--100-0000000000001000000000000001--------------------------------000001000000-10-0000010000000000000000-10-0---0--00----0-000000000000000000000000000000000001----------------"/>
#                <sequence id="Sequence33" spec="beast.base.evolution.alignment.Sequence" taxon="CysRS_AF_Bact_Mycobacterium_canettii_CIPT_140010059_gene45427568" totalcount="2" value="0000000000001001000000--100-0000000000001000000000000000-----1--------------------------01--01000000-10-0000010000000000000000-10-0---0--00----0-000000000000000000000000000000000001----------------"/>
#                <sequence id="Sequence34" spec="beast.base.evolution.alignment.Sequence" taxon="CysRS_AF_Bact_Porphyromonas_gingivalis_ATCC_33277_gene29256960" totalcount="2" value="0000000000001001000000--100-0000000000001000000000000000-----1--------------------------000001000000-10-0000010000000000000000-10-0---0--00----0-0000000000000000000000000000000000000-1-------------"/>
#                <sequence id="Sequence35" spec="beast.base.evolution.alignment.Sequence" taxon="ArgRS_AF_Euk_Thalassiosira_pseudonana_CCMP1335_gene7449555" totalcount="2" value="0000000000001001000000--100-000000100000-10000000000000000000000000000000000001000000000000001000-10-00-0000010000010000000000000000000-100----0-0000000000000000000000000000000000000000000000001000"/>
#                <sequence id="Sequence36" spec="beast.base.evolution.alignment.Sequence" taxon="ArgRS_PDB_Arch_2ZUF_A" totalcount="2" value="0000000000001001000000--100-000000100000-10000000000000000000000000000000000001000000000000001000-10-00-0000010000010000000000000000000-100----0-0000000000000000000000000000000000000000000000001000"/>
#                <sequence id="Sequence37" spec="beast.base.evolution.alignment.Sequence" taxon="ArgRS_AF_Bact_Escherichia_coli_O157_H7_str._Sakai_gene912519" totalcount="2" value="0000000000001001000000--100-000000100000-10000000000000000000000000000000000001000000000000001000-10-00-0000010000010000000000000000000-100----0-0000000000000000000000000000000000000000000000001000"/>
#                <sequence id="Sequence38" spec="beast.base.evolution.alignment.Sequence" taxon="ArgRS_AF_Euk_Micromonas_commoda_gene8250062" totalcount="2" value="0000000000001001000000--100-000000100000-10000000000000000000000000000000000001000000000000001000-10-00-0000010000010000000000000000000--10----0-0-00000000000000000000000000000000000000000000001000"/>
#                <sequence id="Sequence39" spec="beast.base.evolution.alignment.Sequence" taxon="ArgRS_AF_Bact_Prochlorococcus_marinus_subsp_marinus_str_CCMP1375_gene54199571" totalcount="2" value="0000000000001001000000--100-000000100000-10000000000000000000000000000000000001000000000000001000-10-00-0000010000010000000000000000000-100----0-0000000000000000000000000000000000000000000000001000"/>
#                <sequence id="Sequence40" spec="beast.base.evolution.alignment.Sequence" taxon="ArgRS_AF_Euk_Paulinella_chromatophora_gene6481434" totalcount="2" value="0000000000001001000000--100-000000100000-10000000000000000000000000000000000001000000000000001000-10-00-0000010000010000000000000000000-100----0-0000000000000000000000000000000000000000000000001000"/>
#                <sequence id="Sequence41" spec="beast.base.evolution.alignment.Sequence" taxon="ArgRS_AF_Mito_Homo_sapiens_gene57038" totalcount="2" value="0000000000001001000000--100-000000100000-10000000000000000000000000000000000001000000000000001000-10-00-0000010000010000000000000000000-100----0-0000000000000000000000000000000000000000000000001000"/>
#                <sequence id="Sequence42" spec="beast.base.evolution.alignment.Sequence" taxon="ArgRS_AF_Bact_Cupriavidus_taiwanensis_LMG_19424_gene29762022" totalcount="2" value="0000000000001001000000--100-000000100000100000000000000000000000000000000000001000000000000001000-10-00-0000010000010000000000000000000-100----0-0000000000000000000000000000000000000000000000001000"/>
#                <sequence id="Sequence43" spec="beast.base.evolution.alignment.Sequence" taxon="ArgRS_AF_Mito_Caenorhabditis_elegans_gene174023" totalcount="2" value="0000000000001001000000--100-000000100-10-00000000000000000000000000000000000001000000000000001000-10-00-0000010000010000000000000000000-100----0-0000000000000000000000000000000000000000000000001000"/>
#                <sequence id="Sequence44" spec="beast.base.evolution.alignment.Sequence" taxon="ArgRS_PDB_Bact_1IQ0" totalcount="2" value="0000000000001001000000--100-000000100-10-00000000000000000000000000000000000001000010000000001000-10-00-0000010000010000000000000000000-100----0-0000000000000000000000000000000000000000000000001000"/>
#                <sequence id="Sequence45" spec="beast.base.evolution.alignment.Sequence" taxon="ArgRS_AF_Vir_Megavirus_chiliensis_gene11257368" totalcount="2" value="0000000000001001000000--100-000000100-10-0000000000000000000000000000000000000-100000000000001000-10-00-0000010000010000000000000000000-100----0-0000000000000000000000000000000000000000000000001000"/>
#                <sequence id="Sequence46" spec="beast.base.evolution.alignment.Sequence" taxon="GlyRS-B_AF_Bact_Chlamydia_pneumoniae_TW-183_gene45051002" totalcount="2" value="-------10--------------------0-000-0000010000000000000000000000000000000000000100100000000001-000-10-00-0000010000010000000000000000000-100----0-000000000000000000000000000000010010000000000000--1-"/>
#                <sequence id="Sequence47" spec="beast.base.evolution.alignment.Sequence" taxon="GlyRS-B_AF_Mito_Nymphaea_colorata_gene116265348" totalcount="2" value="--------1----------------------0----------00000000000000000000000000000000000010000000000000000-1--0-00--1-0010000010000000000000000000-100----0-000000000000000000000000000000010000000000000--1----"/>
#                <sequence id="Sequence48" spec="beast.base.evolution.alignment.Sequence" taxon="ArgRS_AF_Bact_Mycoplasma_hyopneumoniae_168-L_gene57100855" totalcount="2" value="0000000000001001000000--100-000000100000100000000000000000000000000000000000001000000000000001000-10-00-0000010000010000000000000000000---1----0----00000-0000000000000000000000000000000000000001000"/>
#                <sequence id="Sequence49" spec="beast.base.evolution.alignment.Sequence" taxon="GlyRS-B_AF_Euk_Ostreococcus_tauri_gene9837276" totalcount="2" value="--------1----------------------0----------0000000000000000000000000000000000001000000000000001000-10-00-0001010000010000000000000000000-100----0-000000000000000000000000000001000000000000000--1----"/>
#                <sequence id="Sequence50" spec="beast.base.evolution.alignment.Sequence" taxon="MetRS_AF_Arch_Candidatus_Nitrosopumilus_sediminis_gene13696902" totalcount="2" value="100000000--------0000010000100000000000000000000000000000000000000000000--10--0000000000000100000-10-00-000001000001000000000000000000000000000000-100000-0000000000000000000000000000000000000001000"/>
#                <sequence id="Sequence51" spec="beast.base.evolution.alignment.Sequence" taxon="MetRS_PDB_Arch_P_abyssi_1RQG" totalcount="2" value="100000000--------0100010000100000000000000000000000000000000000000000000--10--0000000000000100000-10-00-000001000001000000000000000000000000000000000000000000000000000000000000000000000000000001000"/>
#                <sequence id="Sequence52" spec="beast.base.evolution.alignment.Sequence" taxon="MetRS_AF_Bact_Brucella_suis_1330_gene45052047" totalcount="2" value="-10000000---------000010000100000000000000000000000000000000000000000000--10--0000000000000100000-10-00-000001000001000000000000000000000000000000000000000000000000000000000000000000000000000001000"/>
#                <sequence id="Sequence53" spec="beast.base.evolution.alignment.Sequence" taxon="MetRS_AF_Bact_Nocardia_farcinica_IFM_10152_gene61135500" totalcount="2" value="-10000000---------000010000100000000000000000000000000000000000000000000--10--0000000000000100000-10-00-000001000001000000000000000000000000000000000000000000000000000000000000000000000000000001000"/>
#                <sequence id="Sequence54" spec="beast.base.evolution.alignment.Sequence" taxon="MetRS_AF_Bact_Treponema_denticola_ATCC_35405_gene2740824" totalcount="2" value="-10000000---------00001000010000000000000000000000000000000000000000000000001-0000000000000100000-10-00-000001000001000000000000000000000000000000000000000000000000000000000000000000000000000001000"/>
#                <sequence id="Sequence55" spec="beast.base.evolution.alignment.Sequence" taxon="MetRS_AF_Euk_Oryza_sativa_Japonica_Group_gene4341140" totalcount="2" value="-10000000---------0000100001000000000000000000000000000000000000000000000000000000000000000100000-10-00-000001000001000000000000000000000000000000000000000000000000000000000000000000000000000001000"/>
#                <sequence id="Sequence56" spec="beast.base.evolution.alignment.Sequence" taxon="IleRS_AF_Arch_Thermoplasma_acidophilum_DSM_1728_gene1456418" totalcount="2" value="000000000000000101000010000-1000000000000000000000000000000000000000000000001-0000000000000100000-10-00-000001000001000000000000000000000000000000000000000000000000000000000000000000000000000001000"/>
#                <sequence id="Sequence57" spec="beast.base.evolution.alignment.Sequence" taxon="IleRS_AF_Bact_Orientia_tsutsugamushi_str_Ikeda_gene66653313" totalcount="2" value="00000000000000000000001000000000000000000000000000000000000000000000000000001-0000000000000100000-10-00-000001000001000000000000000000000000000000000000000000000000000000000000000000000000000001000"/>
#                <sequence id="Sequence58" spec="beast.base.evolution.alignment.Sequence" taxon="IleRS_AF_Euk_Trypanosoma_brucei_brucei_TREU927_gene3663037" totalcount="2" value="0000000000000000000000--100-0000000000000000000000000000000000000000000000001-0000000000000100000-10-00-000001000001000000000000000000000000000000000000000000000000000000000000000000000000000001000"/>
#                <sequence id="Sequence59" spec="beast.base.evolution.alignment.Sequence" taxon="IleRS_AF_Bact_Treponema_pallidum_subsp_pertenue_str_SamoaD_gene57878975" totalcount="2" value="0000000000000000000000--100-0000000000000000000000000000000000000000000000001-0000000000000100000-10-00-000001000001000000000000000000000000000000000000000000000000000000000000000000000000000001000"/>
#                <sequence id="Sequence60" spec="beast.base.evolution.alignment.Sequence" taxon="IleRS_AF_Bact_Chlamydia_muridarum_str_Nigg_gene1246458" totalcount="2" value="0000000000000000000000--100-000000000000000000000000000000000000000000000000001000000000000100000-10-00-000001000001000000000000000000000000000000000000000000000000000000000000000000000000000001000"/>
#                <sequence id="Sequence61" spec="beast.base.evolution.alignment.Sequence" taxon="MetRS_AF_Bact_Bacillus_anthracis_str_Ames_Ancestor_gene45024892" totalcount="2" value="-10000000---------0000-1000000000000000000000000000000000000000000000--1--------00000000000100000-10-00-000001000001000000000000000000000000000000000000000000000000000000000000000000000000000001000"/>
#                <sequence id="Sequence62" spec="beast.base.evolution.alignment.Sequence" taxon="ValRS_AF_Bact_Escherichia_coli_O157_H7_str._Sakai_gene913806" totalcount="2" value="00000000000000001001-0--000000000000000000000000000000000000000000000000-100000000000000000100000-10-00-000001000000000000000000000000000000000000000000000000000000000000000000000000000000000001000"/>
#                <sequence id="Sequence63" spec="beast.base.evolution.alignment.Sequence" taxon="ValRS_AF_Bact_Lacticaseibacillus_paracasei_gene61269477" totalcount="2" value="00000000000000001001-0--000000000000000000000000000000000000000000000000-100000000000000000100000-10-00-000001000000000000000000000000000000000000000000000000000000000000000000000000000000000001000"/>
#                <sequence id="Sequence64" spec="beast.base.evolution.alignment.Sequence" taxon="IleRS_AF_Mito_Drosophila_melanogaster_gene39762" totalcount="2" value="00000000000000001001-0--000000000000000000000000000000000000000000000000-100000000000000000100000-10-00-000001000000000000000000000000000000000000000000000000000000000000000000000000000000000001000"/>
#                <sequence id="Sequence65" spec="beast.base.evolution.alignment.Sequence" taxon="ValRS_PDB_Bact_T_therm_1GAX_A" totalcount="2" value="00000000000000001001-0--000000000000000000000000000000000000000000000000-100000000000000000100000-10-00-00000100000000000000000000000000000000000000000000000000-1--000000000000000000000000000001000"/>
#                <sequence id="Sequence66" spec="beast.base.evolution.alignment.Sequence" taxon="ValRS_AF_Bact_Streptobacillus_moniliformis_DSM_12112_gene29673078" totalcount="2" value="00000000000000001001-0--000000000000000000000000000000000000000000000000-100000000000000000100000-10-00-000001000000000000000000000000000000000000000000000000000000000000000000000000000000000001000"/>
#                <sequence id="Sequence67" spec="beast.base.evolution.alignment.Sequence" taxon="ValRS_AF_Bact_Brucella_abortus_2308_gene3789053" totalcount="2" value="00000000000000001001-0--0000000000000000000000000000000000000000-100-000-100000000000000000100000-10-00-000001000000000000000000000000000000000000000000000000000000000000000000000000000000000001000"/>
#                <sequence id="Sequence68" spec="beast.base.evolution.alignment.Sequence" taxon="ValRS_AF_Bact_Chlamydia_psittaci_6BC_gene12243133" totalcount="2" value="000000000000000001000000001--00000000000000000000000000000000000000000000000000000000000000100000-10-00-000001000000000000000000000000000000000000000000000000000000000000000000000000000000000001000"/>
#                <sequence id="Sequence69" spec="beast.base.evolution.alignment.Sequence" taxon="ValRS_AF_Bact_Prochlorococcus_marinus_subsp_marinus_str_CCMP1375_gene54201173" totalcount="2" value="0000000000000000000000000000000000000000000000000000000000000000000000000000000000000000000100000-10-00-000001000000000000000000000000000000000000000000000000000000000000000000000000000000000001000"/>
#                <sequence id="Sequence70" spec="beast.base.evolution.alignment.Sequence" taxon="IleRS_AF_Bact_Streptobacillus_moniliformis_DSM_12112_gene29674186" totalcount="2" value="0000000000-1-0000000-1---00-0000000000000000000000000000000000000000000000001-0000000000000100000-10-00-000001000000000000000000000000000000000000000000000000000000000000000000000000000000000001000"/>
#                <sequence id="Sequence71" spec="beast.base.evolution.alignment.Sequence" taxon="IleRS_AF_Euk_Ustilago_maydis_521_gene23568123" totalcount="2" value="0000000000-1-0000000-1---00-0000000000000000000000000000000000000000000000001-0000000000000100000-10-00-000001000000000000000000000000000000000000000000000000000000000000000000000000000000000001000"/>
#                <sequence id="Sequence72" spec="beast.base.evolution.alignment.Sequence" taxon="IleRS_AF_Bact_Mycoplasma_hyopneumoniae_168-L_gene57100872" totalcount="2" value="0000000001-000000001-0--0000000000000000000000000000000000000000000000000000000000000000000100000-10-00-000001000001000000000000000000000000000000000000000000000000000000000000000000000000000001000"/>
#                <sequence id="Sequence73" spec="beast.base.evolution.alignment.Sequence" taxon="ValRS_AF_Arch_Candidatus_Korarchaeum_cryptofilum_OPF8_gene6094666" totalcount="2" value="0000000000000001000000--100-00000001000000000000000000000000000010000-10---0--0000000000000100000-10-00-000001000000000000000000000000000000000000000000000000000000000000000000000000000000000001000"/>
#                <sequence id="Sequence74" spec="beast.base.evolution.alignment.Sequence" taxon="IleRS_AF_Arch_Pyrobaculum_aerophilum_str_IM2_gene1465853" totalcount="2" value="0000000000000001000000--100-000000010000000000000000000000000000000000000000000000000000000100000-10-00-000001000000000000000000000000000000000000000000000000000000000000000000000000000000000001000"/>
#                <sequence id="Sequence75" spec="beast.base.evolution.alignment.Sequence" taxon="IleRS_AF_Bact_Thermus_thermophilus_HB8_gene3168241" totalcount="2" value="0000000000000001000000--100-000000000000000000000000000000000000000000000000000000000000000100000-10-00-000001000000000000000000000000000000000000000000000000000000000000000000000000000000000001000"/>
#                <sequence id="Sequence76" spec="beast.base.evolution.alignment.Sequence" taxon="IleRS_PDB_Bact_T_therm_1ILE" totalcount="2" value="0000000000000001000000--100-000000000000000000000000000000000000000000000000000000000000000100000-10-00-000001000000000000000000000000000000000000000000000000000000000000000000000000000000000001000"/>
#                <sequence id="Sequence77" spec="beast.base.evolution.alignment.Sequence" taxon="ValRS_AF_Arch_Thermosphaera_aggregans_DSM_11486_gene9166030" totalcount="2" value="0000000000000001000000--100-000000100000000000000000000000000000--10--00--0000--1----000000100000-10-00-000001000000000000000000000000000000000000000000000000000000000000000000000000000000000001000"/>
#                <sequence id="Sequence78" spec="beast.base.evolution.alignment.Sequence" taxon="ValRS_AF_Bact_Mycoplasma_hyopneumoniae_168-L_gene57101556" totalcount="2" value="0000000000000001000000--100-000000100000000000000000000000000000--10--00--0000--1----000000100000-10-00-000001000000000000000000000000000000000000---1000--00-000000000000000000000000000000000001000"/>
#                <sequence id="Sequence79" spec="beast.base.evolution.alignment.Sequence" taxon="ValRS_AF_Bact_Porphyromonas_gingivalis_ATCC_33277_gene29256433" totalcount="2" value="0000000000000001000000--100-000000100000000000000000000000000000--10--00--0000-100000000000100000-10-00-000001000000000000000000000000000000000010000000000000000000000000000000000000000000000001000"/>
#                <sequence id="Sequence80" spec="beast.base.evolution.alignment.Sequence" taxon="IleRS_AF_Bact_Porphyromonas_gingivalis_ATCC_33277_gene29255747" totalcount="2" value="0000000000000001000000--100-000000000000000000000000000000000000000000000000000000000000000100000-10-00-000001000000000000000000000000000000000000000000000000000000000000000000000000000000000001000"/>
#                <sequence id="Sequence81" spec="beast.base.evolution.alignment.Sequence" taxon="IleRS_AF_Arch_Candidatus_Korarchaeum_cryptofilum_OPF8_gene6094904" totalcount="2" value="0000000000-1-00000000000001--000000000000000000000000000000000000000000000001-0000000000000100000-10-00-000001000000000000000000000000000000000000000000000000000000000000000000000000000000000001000"/>
#                <sequence id="Sequence82" spec="beast.base.evolution.alignment.Sequence" taxon="MetRS_AF_Bact_Prochlorococcus_marinus_subsp_marinus_str_CCMP1375_gene54200313" totalcount="2" value="----10000----------00000000000000000000000000000000000000000000000000000--10--0000001000000100000-10-00-000001000001000000000000000000000000000000000000000000000000000000000000000000000000000001000"/>
#                <sequence id="Sequence83" spec="beast.base.evolution.alignment.Sequence" taxon="MetRS_AF_Bact_Streptobacillus_moniliformis_DSM_12112_gene29673607" totalcount="2" value="----10000----------00000000000000000000000000000000000000000000000000000--10--0000000000000100000-10-00-000001000001000000000000000000000000000000000000000000000000000000000000000000000000000001000"/>
#                <sequence id="Sequence84" spec="beast.base.evolution.alignment.Sequence" taxon="MetRS_PDB_Bact_E_coli_1PFV" totalcount="2" value="---100000----------00000000000000000000000000000000000000000000000000000---1---000000000000100000-10-00-000001000001000000000000000000000000000000000000000000000000000000000000000000000000000001000"/>
#                <sequence id="Sequence85" spec="beast.base.evolution.alignment.Sequence" taxon="CysRS_AF_Euk_Micromonas_commoda_gene8246535" totalcount="2" value="000000000000-100000010--00000000000001000000000000000000000000000000000000001-00000000000001000001000001000001000000000010000010000000000000000000-100000-000-100000000000000000000000000000100001001"/>
#                <sequence id="Sequence86" spec="beast.base.evolution.alignment.Sequence" taxon="IleRS_AF_Euk_Cyanidioschyzon_merolae_strain_10D_gene16992835" totalcount="2" value="000000000000-100000010--00000000000001000000000000000000000000000000000000001-00000010000001000001000001001001000000000000000000000000000001010000000000000000000000000000000000000000000000000001000"/>
#                <sequence id="Sequence87" spec="beast.base.evolution.alignment.Sequence" taxon="IleRS_AF_Bact_Lactobacillus_acidophilus_La-14_gene56942445" totalcount="2" value="000000000000-100000010--00000000000001000000000000000000000000000000000000001-00000010000001000001000001001001000000000000000000000000000001010000000000000000000000000000000000000000000000000001000"/>
#                <sequence id="Sequence88" spec="beast.base.evolution.alignment.Sequence" taxon="IleRS_PDB_Bact_S_aureus_1QU2_A" totalcount="2" value="000000000000-100000010--00000000000001000000000000000000000000000000000000001-00000010000001000001000001001001000000000000000000000000000001010000000000000000000000000000000000000000000000000001000"/>
#                <sequence id="Sequence89" spec="beast.base.evolution.alignment.Sequence" taxon="IleRS_AF_Bact_Escherichia_coli_O157_H7_str._Sakai_gene913425" totalcount="2" value="000000000000-100000010--00000000000001000000000000000000000000000000010000001-0000000000000100000100000110000100000000000000000000000001000-000000000000000000000000000000000000000000000000000001000"/>
#                <sequence id="Sequence90" spec="beast.base.evolution.alignment.Sequence" taxon="IleRS_AF_Mito_Homo_sapiens_gene55699" totalcount="2" value="000000000000-100000010--000000000000010000000000000000000000000000000000--10--0000000000000100000100000110000100000000000000000000000000000-100000000000000000000000000000000000000000000000000001000"/>
#                <sequence id="Sequence91" spec="beast.base.evolution.alignment.Sequence" taxon="CysRS_AF_Bact_Prochlorococcus_marinus_subsp_marinus_str_CCMP1375_gene54200571" totalcount="2" value="000000000000-100000010--000000000000010000000000000000000000001--------0---0--000000000000010000010000010000010000000000000-10-00000000000000000000000000000000000000000000000000000000001-----------"/>
#                <sequence id="Sequence92" spec="beast.base.evolution.alignment.Sequence" taxon="CysRS_AF_Bact_Treponema_pallidum_subsp_pertenue_str_SamoaD_gene57878631" totalcount="2" value="000000000000-100000010--000000000000010000000000000000000000001--------0---0--000000000000010000010000010000010000000--1--0-----0-0---0--00----0-00000000000000000000000000001---00000001------------"/>
#                <sequence id="Sequence93" spec="beast.base.evolution.alignment.Sequence" taxon="CysRS_AF_Euk_Arabidopsis_thaliana_gene833874" totalcount="2" value="000000000000-100000010--00000000000001000000000000000000000000000000000000001-000-1-000100010000010000010000000000000-10-00000000000000000000000-1--00000-000000000000000000000000000000000000-10--01"/>
#                <sequence id="Sequence94" spec="beast.base.evolution.alignment.Sequence" taxon="CysRS_AF_Euk_Homo_sapiens_gene833" totalcount="2" value="000000000000-100000010--00000000000001000000000000000000000000000000000000001-000000000100010000010000010000000100000-10-0000000000000000000000000--10000--000000010000000000000000000000000000001000"/>
#                <sequence id="Sequence95" spec="beast.base.evolution.alignment.Sequence" taxon="CysRS_AF_Mito_Saccharomyces_cerevisiae_S288C_gene855474" totalcount="2" value="000000000000-100000010--00000000000001000000000000000000000000000000000000001-000000000100010000010000010000001000000-10-0000000000000000000000000-----10---0----0-0000000000000000000000000000001000"/>
#                <sequence id="Sequence96" spec="beast.base.evolution.alignment.Sequence" taxon="CysRS_AF_Euk_Drosophila_melanogaster_gene36784" totalcount="2" value="000000000000-100000010--00000000000001000000000000000000000000000000000000001-000000000100010000010000010000001000000-10-0000000000000000000000000----100---0--00000000000000000000000000000000000000"/>
#                <sequence id="Sequence97" spec="beast.base.evolution.alignment.Sequence" taxon="CysRS_AF_Euk_Cyanidioschyzon_merolae_strain_10D_gene16993418" totalcount="2" value="000000000000-100000010--000000000000010000000000000000000000000000000000--10--0000000000000100000100000100000100000-1--0--0--0-0000-00000000000000-100000-0000000000000000000000000000000000000001000"/>
#                <sequence id="Sequence98" spec="beast.base.evolution.alignment.Sequence" taxon="IleRS_AF_Euk_Ostreococcus_lucimarinus_CCE9901_gene5000489" totalcount="2" value="0000000000000000000000--100-000000000000000000000000000000000000000000001000001000000000000000110-000001000010000001000000000000000000000000000000000000000000000000000000000000000000000000001000000"/>
#                <sequence id="Sequence99" spec="beast.base.evolution.alignment.Sequence" taxon="IleRS_PDB_Euk_S_cere_7D5C" totalcount="2" value="0000000000000000000000--100-000000000000000000000000000000000000000000001000001000000000000000110-000001000010000001000000000000000000000000000000000000000000000000000000000000000000000000001000000"/>
#                <sequence id="Sequence100" spec="beast.base.evolution.alignment.Sequence" taxon="IleRS_AF_Vir_Megavirus_chiliensis_gene11256744" totalcount="2" value="0000000000000000000000--100-000000000000000000000000000000000000000000000000000000000000000000110-000001000010000001000000000000000000000000000000000000000000000000000000000000000000000000001000000"/>
#                <sequence id="Sequence101" spec="beast.base.evolution.alignment.Sequence" taxon="IleRS_AF_Euk_Homo_sapiens_gene3376" totalcount="2" value="0000000000000000000000--100-000000000000000000000000000000000000000010000000000000000000000000110-0000010000100000010000000000000000000000000000000000000000000000000000000000000000000001-----------"/>
#                <sequence id="Sequence102" spec="beast.base.evolution.alignment.Sequence" taxon="MetRS_AF_Bact_Chlamydia_psittaci_6BC_gene12243105" totalcount="2" value="--1000000----------000000000000000000000000000000000000000000000000000000000000000000000000100010-000001000000001010000000000000000000000000000000000000000000000000000000000000000000000000100000000"/>
#                <sequence id="Sequence103" spec="beast.base.evolution.alignment.Sequence" taxon="MetRS_AF_Bact_Mycoplasma_hyopneumoniae_168-L_gene57101263" totalcount="2" value="--1000000----------000000000000000000000000000000000000000000000000000000000000000000000000100010-000001000000001010000000000000000000000000000000000000000000000000000000000000000000000000100000000"/>
#                <sequence id="Sequence104" spec="beast.base.evolution.alignment.Sequence" taxon="MetRS_AF_Euk_Saccharomyces_cerevisiae_S288C_gene853181" totalcount="2" value="--1000000----------000000000000000000000000000000000000000000000000000000000000000000000000100010-000001000000001010000000000000000000000000000000000000000000000000000000000000000000000000100000000"/>
#                <sequence id="Sequence105" spec="beast.base.evolution.alignment.Sequence" taxon="MetRS_AF_Euk_Scheffersomyces_stipitis_CBS_6054_gene4836672" totalcount="2" value="--1000000----------000000000000000000000000000000000000000000000000000000000000000000000000100010-000001000000001010000000000000000000000000000000000000000000000000000000000000000000000000100000000"/>
#                <sequence id="Sequence106" spec="beast.base.evolution.alignment.Sequence" taxon="MetRS_AF_Euk_Drosophila_melanogaster_gene37177" totalcount="2" value="--1000000----------000000000000000000000000000000000000000000000000000000000010000000000000100010-000001000000001010000000000000000000000000000000000000000000000000000000000000000000000000100000000"/>
#                <sequence id="Sequence107" spec="beast.base.evolution.alignment.Sequence" taxon="MetRS_AF_Euk_Homo_sapiens_gene4141" totalcount="2" value="--1000000----------000000000000000000000000000000000000000000000000000000000010000000000000100010-000001000000001010000000000000000000000000000000000000000000000000000000000000000000000000100000000"/>
#                <sequence id="Sequence108" spec="beast.base.evolution.alignment.Sequence" taxon="MetRS_AF_Mito_Brachypodium_distachyon_gene100843706" totalcount="2" value="--1000000----------000000000000000000000000000000000000000000000000000000000000000000000000100010-000001000000001010000000000000000000000000000000000000000000000000000000000000000000000000100000000"/>
#                <sequence id="Sequence109" spec="beast.base.evolution.alignment.Sequence" taxon="MetRS_AF_Mito_Arvicanthis_niloticus_gene117706247" totalcount="2" value="--1000000----------000000000000000000000000000001000000000000000000000000000000000000000000100010-000001000000001010000000000000000000000000000000000000000000000000000000000000000000000000100000000"/>
#                <sequence id="Sequence110" spec="beast.base.evolution.alignment.Sequence" taxon="MetRS_AF_Mito_Homo_sapiens_gene92935" totalcount="2" value="--1000000----------000000000000000000000000000001000000000000000000000000000000000000000000100010-000001000000001010000000000000000000000000000000000000000000000000000000000000000000000000100000000"/>
#                <sequence id="Sequence111" spec="beast.base.evolution.alignment.Sequence" taxon="MetRS_AF_Arch_Aciduliprofundum_boonei_T469_gene8827030" totalcount="2" value="--1000000----------000000000000000000000000000000000000000000000000000000000000000000000000100010-000001000000001010000000000000000000000000000000000000000000000000000000000000000000000000100000000"/>
#                <sequence id="Sequence112" spec="beast.base.evolution.alignment.Sequence" taxon="MetRS_AF_Arch_Candidatus_Korarchaeum_cryptofilum_OPF8_gene6093355" totalcount="2" value="--1000000----------000000000000000000000000000000000000000000000000000000000000000000000000100010-000001000000001010000000000000000000000000000000000000000000000000000000000000000000000000100000000"/>
#                <sequence id="Sequence113" spec="beast.base.evolution.alignment.Sequence" taxon="LeuRS-A_AF_Arch_Methanobrevibacter_smithii_ATCC_35061_gene5216355" totalcount="2" value="-----1000----------000000000000000000000000000000000000000000000100000000000000000000000000100010-000001000000001010000000000000000-100-000--00000000000000000000000000000000000000000000000100000000"/>
#                <sequence id="Sequence114" spec="beast.base.evolution.alignment.Sequence" taxon="LeuRS-A_PDB_Arch_P_hori_1WKB" totalcount="2" value="-----1000----------00000000000000000000000000001-100000000000001--00--00-000000000000000000100010-000001000000001010000000000000000-100-000--00000--10000--000000000000000000000000000000000100000000"/>
#                <sequence id="Sequence115" spec="beast.base.evolution.alignment.Sequence" taxon="MetRS_AF_Euk_Trypanosoma_brucei_brucei_TREU927_gene3662741" totalcount="2" value="--1000000----------000000000000000000000000000000000000000000000000000000000000000000000000100010-000001000000001010000000000000000000000000000000000000000000000000000000000000000000000000100000000"/>
#                <sequence id="Sequence116" spec="beast.base.evolution.alignment.Sequence" taxon="MetRS_AF_Arch_Halalkalicoccus_jeotgali_B3_gene9420443" totalcount="2" value="--1000000----------0000000000000000000000000000000000000000000000000000000000000000001--000100010-000001000000001010000000000000000000000000000000000000000000000000000000000000000000000000100000000"/>
#                <sequence id="Sequence117" spec="beast.base.evolution.alignment.Sequence" taxon="MetRS_AF_Vir_Megavirus_chiliensis_gene11256705" totalcount="2" value="--1000000----------00000000000000000000000000000000000000000000000000000000001000-1-01--000100010-000001000000001010000000000000000000000000000000000000000000000000000000000000000000000000100000000"/>
#                <sequence id="Sequence118" spec="beast.base.evolution.alignment.Sequence" taxon="MetRS_PDB_Bact_T_therm_1WOY" totalcount="2" value="--1000000----------0000000000000000000000000000000000000000000000000000000000000000001--000100010-000001000000001010000000000000000000000000000000000000000000000000000000000000000000000000100000000"/>
#                <sequence id="Sequence119" spec="beast.base.evolution.alignment.Sequence" taxon="LeuRS-B_AF_Bact_Brachyspira_pilosicoli_95_1000_gene56439070" totalcount="2" value="------100----------00000000000000000000000000000---10000-00000------------------0-000000000100010-000000000000000110000001000000000--10--00----0-0000000000000000000000000000000000000000000100000000"/>
#                <sequence id="Sequence120" spec="beast.base.evolution.alignment.Sequence" taxon="LeuRS-B_AF_Mito_Homo_sapiens_gene23395" totalcount="2" value="----10000----------000000000000000000000000010-0--100000-00000---------0---0--0000000000000100010-000000000000000110000001000000000--10--00----0-0000000000000000000000000000000000000000000100000000"/>
#                <sequence id="Sequence121" spec="beast.base.evolution.alignment.Sequence" taxon="LeuRS-B_AF_Mito_Drosophila_melanogaster_gene38581" totalcount="2" value="------100----------00000000000000000000000010000--100000-00000---------0---0--0000000000000100010-000000000000000110000001000000000--10--00----0-0000000000000000000000000000000000000000000100000000"/>
#                <sequence id="Sequence122" spec="beast.base.evolution.alignment.Sequence" taxon="LeuRS-B_AF_Bact_Escherichia_coli_O157_H7_str._Sakai_gene917041" totalcount="2" value="------100----------0000000000000000000000000-1------1000--0000------------------0---0000000100010-000000000000000110000001000000000--10--00----0-0000000000000000000000000000000000000000000100000000"/>
#                <sequence id="Sequence123" spec="beast.base.evolution.alignment.Sequence" taxon="LeuRS-B_AF_Bact_Clostridium_botulinum_A_str_ATCC_3502_gene5187707" totalcount="2" value="------100----------00000000000000000000000000010---10000-00000------------------0-000000000100010-000001000000000110000000000000000--10--00----0-0000000000000000000000000000000000000000000100000000"/>
#                <sequence id="Sequence124" spec="beast.base.evolution.alignment.Sequence" taxon="LeuRS-B_AF_Euk_Thalassiosira_pseudonana_CCMP1335_gene7441753" totalcount="2" value="------100----------00000000000000000000000000010-----100--0000-----------------------000000100010-000001000000000110000000000000000--10--00----0-00000000--10--000010-1000000000000000000000100000000"/>
#                <sequence id="Sequence125" spec="beast.base.evolution.alignment.Sequence" taxon="LeuRS-B_AF_Bact_Thermus_thermophilus_HB8_gene3168656" totalcount="2" value="------100----------00000000000000000000000000010---10000-00000------------------0-000000000100010-000001000000000110000000000000000---1---0----0-0-00000000000000000010000000000000000000000100000000"/>
#                <sequence id="Sequence126" spec="beast.base.evolution.alignment.Sequence" taxon="LeuRS-B_PDB_Bact_T_therm_2V0C" totalcount="2" value="------100----------00000000000000000000000000010---10000-00000------------------0-000000000100010-000001000000000110000000000000000---1---0----0-0-00000000000000000010000000000000000000000100000000"/>
#                <sequence id="Sequence127" spec="beast.base.evolution.alignment.Sequence" taxon="LeuRS-B_AF_Bact_Mycoplasma_hyopneumoniae_168-L_gene57101518" totalcount="2" value="------100----------000000000000000000000001---------0000-00000------------------0-000000000100010-0000010000000001100000000000--1---------------------000--00-000000000000000000000000000000100000000"/>
#                <sequence id="Sequence128" spec="beast.base.evolution.alignment.Sequence" taxon="LeuRS-A_AF_Arch_Aciduliprofundum_boonei_T469_gene8828435" totalcount="2" value="------100----------000000000001000000000000010-0---10000-00000------------------0-000000000100010-0000010000000000100000000000000000000-100----0-0000000000000000000000000000000000000000000100000000"/>
#                <sequence id="Sequence129" spec="beast.base.evolution.alignment.Sequence" taxon="LeuRS-A_AF_Euk_Homo_sapiens_gene51520" totalcount="2" value="------100----------000000000001000000000000010-0---10000-00000------------------0-000000000100010-0000010000000000100000000000000000000-100----0-0000000000000000000000000000000000000000000100000000"/>
#                <sequence id="Sequence130" spec="beast.base.evolution.alignment.Sequence" taxon="LeuRS-A_AF_Arch_Candidatus_Korarchaeum_cryptofilum_OPF8_gene6093520" totalcount="2" value="------100----------000000000001000000000000010-0---10000-00000------------------0-000000000100010-0000010000000000100000000000000000000-100----0-0000000000000000000000000000000000000000000100000000"/>
#                <sequence id="Sequence131" spec="beast.base.evolution.alignment.Sequence" taxon="LeuRS-A_AF_Euk_Saccharomyces_cerevisiae_S288C_gene855943" totalcount="2" value="------100----------000000000001000000000000010-0---10000-00000------------------0-000000000100010-0000010000000000100000000000000000000-100----0-0000000000000000000000000000000000000000000100000000"/>
#                <sequence id="Sequence132" spec="beast.base.evolution.alignment.Sequence" taxon="LeuRS-A_AF_Arch_Candidatus_Nitrosopumilus_koreensis_AR1_gene13725794" totalcount="2" value="------100----------000000000001000000000000010-0---10000-00000------------------0-000000000100010-0000010000000000100000000000000000000000000-10-0000000000000000000000000000000000000000000100000000"/>
#                <sequence id="Sequence133" spec="beast.base.evolution.alignment.Sequence" taxon="LeuRS-A_AF_Euk_Neurospora_crassa_OR74A_gene3879366" totalcount="2" value="------100----------000000000001000000000000010-0---10000-00000------------------0-000000000100010-0000010000000000100000000000000000000000000-10-0000000000000000000000000000000000000000000100000000"/>
#                <sequence id="Sequence134" spec="beast.base.evolution.alignment.Sequence" taxon="LeuRS-A_AF_Euk_Arabidopsis_thaliana_gene837489" totalcount="2" value="------100----------000000000001000000000000010-0---10000-00000------------------0-000000000100010-0000010000000000100000000000000000000000000-10-00000000-1000000000000000000000000000000000100000000"/>
#                <sequence id="Sequence135" spec="beast.base.evolution.alignment.Sequence" taxon="LeuRS-A_AF_Euk_Drosophila_melanogaster_gene326262" totalcount="2" value="------100----------000000000001000000000000010-0---10000-00000------------------0-000000000100010-0000010000000000100000000000000000000000000-10-00000000-1000000000000000000000000000000000100000000"/>
#                <sequence id="Sequence136" spec="beast.base.evolution.alignment.Sequence" taxon="LeuRS-A_AF_Euk_Leishmania_major_strain_Friedlin_gene5650139" totalcount="2" value="------100----------000000000001000000000000010-0---10000-00000------------------0-000000000100010-0000010000000000100000000000000000000000000-10-00000000-1000000000000000000000000000000000100000000"/>
#                <sequence id="Sequence137" spec="beast.base.evolution.alignment.Sequence" taxon="LeuRS-B_AF_Bact_Orientia_tsutsugamushi_str_Ikeda_gene66652454" totalcount="2" value="------100----------0000000000001----------0--------00000-00000---------0---0--0000000000000100010-0000010000000100100000000000000-1------------------0000--000000000000000000000000000000000100000000"/>
#                <sequence id="Sequence138" spec="beast.base.evolution.alignment.Sequence" taxon="LeuRS-B_AF_Euk_Klebsormidium_nitens_protein971510658" totalcount="2" value="------100----------0000000000001----------0--------00000-00000---------0---0--0000000000000100010-0000010000000100100000000000000-1------------------0000--0000000000--10-000000000000000000100000000"/>
#                <sequence id="Sequence139" spec="beast.base.evolution.alignment.Sequence" taxon="LeuRS-B_AF_Bact_Chlamydia_psittaci_6BC_gene12243068" totalcount="2" value="------100----------0000000000001----------0--------00000-00000---------0---0--0000000010000100010-0000010000000100100000000000000-1------------------0000--00000000000000-100000000000000000100000000"/>
#                <sequence id="Sequence140" spec="beast.base.evolution.alignment.Sequence" taxon="LeuRS-B_AF_Euk_Bathycoccus_prasinos_gene19015540" totalcount="2" value="------100----------0000000000001----------0--------00000-00000---------0---0--0000000000000100010-0000010000000100100000000000000-1------------------0000--00000000000000-100000000000000000100000000"/>
#                <sequence id="Sequence141" spec="beast.base.evolution.alignment.Sequence" taxon="LeuRS-B_AF_Bact_Bifidobacterium_longum_subsp_longum_JCM_1217_gene69578373" totalcount="2" value="------100----------0000000000001----------0--------00000-00000---------0---0--0000000000000100010-0000010000000100100000000000000-1------------------0000--0000000001--000000000000000000000100000000"/>
#                <sequence id="Sequence142" spec="beast.base.evolution.alignment.Sequence" taxon="LeuRS-B_AF_Bact_Porphyromonas_gingivalis_ATCC_33277_gene29256038" totalcount="2" value="------100----------0000000000001----------0--------00000-00000---------0---0--0000000000000100010-0000010000000100100000000000000-1------------------0000--0000000001--000000000000000000000100000000"/>
#            </data>
#            <siteModel id="SiteModel.s:crimvlg_aa_trimmed_simpleindel" spec="beast.base.evolution.sitemodel.SiteModel">
#                <parameter estimate="false" id="mutationRate.s:crimvlg_aa_trimmed_simpleindel" lower="0.0" name="mutationRate" spec="beast.base.inference.parameter.RealParameter">1.0</parameter>
#                <parameter estimate="false" id="gammaShape.s:crimvlg_aa_trimmed_simpleindel" lower="0.1" name="shape" spec="beast.base.inference.parameter.RealParameter">1.0</parameter>
#                <parameter estimate="false" id="proportionInvariant.s:crimvlg_aa_trimmed_simpleindel" lower="0.0" name="proportionInvariant" spec="beast.base.inference.parameter.RealParameter" upper="1.0">0.0</parameter>
#                <substModel id="LewisMK.s:crimvlg_aa_trimmed_simpleindel" spec="morphmodels.evolution.substitutionmodel.LewisMK">
#                    <datatype id="morphDataType.crimvlg_aa_trimmed_simpleindel" spec="beast.base.evolution.datatype.Binary"/>
#                </substModel>
#            </siteModel>
#            <branchRateModel clock.rate="@ORCucldMean.c:crimvlg_aa_trimmed_simpleindel" id="OptimisedRelaxedClock.c:crimvlg_aa_trimmed_simpleindel" rates="@ORCRates.c:crimvlg_aa_trimmed_simpleindel" spec="beast.base.evolution.branchratemodel.UCRelaxedClockModel" tree="@Tree.t:crimvlg_aa_trimmed">
#                <LogNormal S="@ORCsigma.c:crimvlg_aa_trimmed_simpleindel" id="ORCLogNormalDistributionModel.c:crimvlg_aa_trimmed_simpleindel" meanInRealSpace="true" name="distr">
#                    <parameter estimate="false" id="RealParameter.19" name="M" spec="beast.base.inference.parameter.RealParameter">1.0</parameter>
#                </LogNormal>
#            </branchRateModel>
#        </distribution>
#        <distribution id="treeLikelihood.crimvlg_3di_trimmed" spec="beast.base.evolution.likelihood.ThreadedTreeLikelihood" tree="@Tree.t:crimvlg_aa_trimmed">
#            <siteModel gammaCategoryCount="4" hasGammaRates="@FoldBeast3Di_hasGammaRates.s:crimvlg_3di_trimmed" hasInvariantSites="@FoldBeast3Di_hasInvariableSites.s:crimvlg_3di_trimmed" id="FoldBeast3Di.s:crimvlg_3di_trimmed" proportionInvariant="@FoldBeast3Di_ProportionInvariable.s:crimvlg_3di_trimmed" shape="@FoldBeast3Di_gammaShape.s:crimvlg_3di_trimmed" spec="foldbeast.sitemodel.FoldBeastModelTestSiteModel3Di">
#                <parameter estimate="false" id="FoldBeast3Di_mutationRate.s:crimvlg_3di_trimmed" name="mutationRate" spec="beast.base.inference.parameter.RealParameter">1.0</parameter>
#                <substModel id="FoldBeast3Di_substmodel.s:crimvlg_3di_trimmed" spec="foldbeast.substitutionmodel.SubstitutionModelTest3Di">
#                    <useExternalFreqs id="FoldBeast3Di_useExternalFreqs.s:crimvlg_3di_trimmed" spec="beast.base.inference.parameter.BooleanParameter">false</useExternalFreqs>
#                    <model id="FoldBeast3Di_NullModel.0" spec="foldbeast.substitutionmodel.NullModel3Di"/>
#                    <model id="FoldBeast3Di_FoldSeek.0" spec="foldbeast.substitutionmodel.FoldSeekSubstitutionMatrix"/>
#                    <model id="FoldBeast3Di_GHMatrixAF.0" spec="foldbeast.substitutionmodel.GHMatrixAF"/>
#                    <model id="FoldBeast3Di_GHMatrixLLM.0" spec="foldbeast.substitutionmodel.GHMatrixLLM"/>
#                    <modelIndicator id="FoldBeast3Di_ModelIndicator.s:crimvlg_3di_trimmed" lower="0" spec="beast.base.inference.parameter.IntegerParameter" upper="3">0</modelIndicator>
#                    <frequencies frequencies="@FoldBeast3Di_frequencies.s:crimvlg_3di_trimmed" id="FoldBeast3Di_freqs.s:crimvlg_3di_trimmed" spec="beast.base.evolution.substitutionmodel.Frequencies"/>
#                </substModel>
#            </siteModel>
#            <branchRateModel clock.rate="@ORCucldMean.c:crimvlg_3di_trimmed" id="OptimisedRelaxedClock.c:crimvlg_3di_trimmed" rates="@ORCRates.c:crimvlg_3di_trimmed" spec="beast.base.evolution.branchratemodel.UCRelaxedClockModel" tree="@Tree.t:crimvlg_aa_trimmed">
#                <LogNormal S="@ORCsigma.c:crimvlg_3di_trimmed" id="ORCLogNormalDistributionModel.c:crimvlg_3di_trimmed" meanInRealSpace="true" name="distr">
#                    <parameter estimate="false" id="RealParameter.23" name="M" spec="beast.base.inference.parameter.RealParameter">1.0</parameter>
#                </LogNormal>
#            </branchRateModel>
#        </distribution>
#    </distribution>
#</input>
#
Sample	posterior	likelihood	prior	treeLikelihood.crimvlg_3di_trimmed	treeLikelihood.crimvlg_aa_trimmed	treeLikelihood.crimvlg_aa_trimmed_simpleindel	Tree.height	Tree.treeLength	YuleModel	birthRate	OBAMA_frequencies.aa_trimmed.1	OBAMA_frequencies.aa_trimmed.2	OBAMA_frequencies.aa_trimmed.3	OBAMA_frequencies.aa_trimmed.4	OBAMA_frequencies.aa_trimmed.5	OBAMA_frequencies.aa_trimmed.6	OBAMA_frequencies.aa_trimmed.7	OBAMA_frequencies.aa_trimmed.8	OBAMA_frequencies.aa_trimmed.9	OBAMA_frequencies.aa_trimmed.10	OBAMA_frequencies.aa_trimmed.11	OBAMA_frequencies.aa_trimmed.12	OBAMA_frequencies.aa_trimmed.13	OBAMA_frequencies.aa_trimmed.14	OBAMA_frequencies.aa_trimmed.15	OBAMA_frequencies.aa_trimmed.16	OBAMA_frequencies.aa_trimmed.17	OBAMA_frequencies.aa_trimmed.18	OBAMA_frequencies.aa_trimmed.19	OBAMA_frequencies.aa_trimmed.20	OBAMA_ModelIndicator.aa_trimmed	OBAMA_gammaShape.aa_trimmed	OBAMA_ProportionInvariable.aa_trimmed	OBAMA_hasGammaRates.aa_trimmed	OBAMA_hasInvariableSites.aa_trimmed	OBAMA_ActivePropInvariable.aa_trimmed	OBAMA_ActiveGammaShape.aa_trimmed	OBAMA_useExternalFreqs.aa_trimmed	ORCsigma.3di_trimmed	ORCsigma.aa_trimmed	ORCsigma.aa_trimmed_simpleindel	ORCRatesStat.3di_trimmed.mean	ORCRatesStat.3di_trimmed.variance	ORCRatesStat.3di_trimmed.coefficientOfVariation	ORCRatesStat.aa_trimmed.mean	ORCRatesStat.aa_trimmed.variance	ORCRatesStat.aa_trimmed.coefficientOfVariation	ORCRatesStat.aa_trimmed_simpleindel.mean	ORCRatesStat.aa_trimmed_simpleindel.variance	ORCRatesStat.aa_trimmed_simpleindel.coefficientOfVariation	ORCucldMean.3di_trimmed	ORCucldMean.aa_trimmed_simpleindel	sum.beastmap.SubstitutionSum.crimvlg_3di_trimmed	sum.beastmap.SubstitutionSum.crimvlg_aa_trimmed	FoldBeast3Di_frequencies.3di_trimmed.1	FoldBeast3Di_frequencies.3di_trimmed.2	FoldBeast3Di_frequencies.3di_trimmed.3	FoldBeast3Di_frequencies.3di_trimmed.4	FoldBeast3Di_frequencies.3di_trimmed.5	FoldBeast3Di_frequencies.3di_trimmed.6	FoldBeast3Di_frequencies.3di_trimmed.7	FoldBeast3Di_frequencies.3di_trimmed.8	FoldBeast3Di_frequencies.3di_trimmed.9	FoldBeast3Di_frequencies.3di_trimmed.10	FoldBeast3Di_frequencies.3di_trimmed.11	FoldBeast3Di_frequencies.3di_trimmed.12	FoldBeast3Di_frequencies.3di_trimmed.13	FoldBeast3Di_frequencies.3di_trimmed.14	FoldBeast3Di_frequencies.3di_trimmed.15	FoldBeast3Di_frequencies.3di_trimmed.16	FoldBeast3Di_frequencies.3di_trimmed.17	FoldBeast3Di_frequencies.3di_trimmed.18	FoldBeast3Di_frequencies.3di_trimmed.19	FoldBeast3Di_frequencies.3di_trimmed.20	FoldBeast3Di_ModelIndicator.3di_trimmed	FoldBeast3Di_gammaShape.3di_trimmed	FoldBeast3Di_ProportionInvariable.3di_trimmed	FoldBeast3Di_hasGammaRates.3di_trimmed	FoldBeast3Di_hasInvariableSites.3di_trimmed	FoldBeast3Di_ActivePropInvariable.3di_trimmed	FoldBeast3Di_ActiveGammaShape.3di_trimmed	FoldBeast3Di_useExternalFreqs.3di_trimmed
0	-150794.52388750933	-147250.08512919396	-3544.438758315386	-60423.38295508778	-80004.7692594712	-6821.932914634981	0.40578091704665536	7.066787876994456	-7.066787876994455	1.0	0.05	0.05	0.05	0.05	0.05	0.05	0.05	0.05	0.05	0.05	0.05	0.05	0.05	0.05	0.05	0.05	0.05	0.05	0.05	0.05	0	1.0	0.1	1	1	0.1	1.0	0	0.2	0.2	0.2	0.5	0.0	0.0	0.5	0.0	0.0	0.5	0.0	0.0	1.0	1.0	0.0	0.0	0.05	0.05	0.05	0.05	0.05	0.05	0.05	0.05	0.05	0.05	0.05	0.05	0.05	0.05	0.05	0.05	0.05	0.05	0.05	0.05	0	1.0	0.1	1	1	0.1	1.0	0
1000	-84714.56222284552	-84501.21653064711	-213.34569219840643	-29226.301869840172	-48972.25888927517	-6302.655771531778	69.28674860054713	1185.0039371135838	-475.23169631859525	0.21911693929525453	0.061728259654255414	0.03679549217511017	0.03515591619229183	0.05806624232565017	0.038400029746638434	0.047049237724802025	0.037340294156328356	0.0651938064383784	0.0623597190400098	0.05768651246554452	0.04205500773584059	0.060002504766166004	0.03848117867540913	0.061623757959876485	0.06668435599152506	0.04051677770726219	0.038756818728220205	0.06258286939622024	0.05360360612296388	0.035917612997506926	0	1.0	0.1	1	1	0.1	1.0	0	0.5877652839721602	0.12622508983477498	0.6743828153022068	0.2029980231760443	0.0038532127779724212	0.3195954687609571	0.8950100844251105	0.005649226431362863	0.08325118730740699	0.011676748318024902	1.3277304657761851E-5	0.30083918796292963	0.3654418973197889	0.02313737777382765	0.0	0.0	0.05	0.05	0.05	0.05	0.05	0.05	0.05	0.05	0.05	0.05	0.05	0.05	0.05	0.05	0.05	0.05	0.05	0.05	0.05	0.05	2	0.8994882699791557	0.1	1	1	0.1	0.8994882699791557	0
