#
#model:
#
#<?xml version="1.0" encoding="UTF-8" standalone="no"?><input id="posterior" spec="beast.base.inference.CompoundDistribution">
#    <distribution id="prior" spec="beast.base.inference.CompoundDistribution">
#        <distribution id="BICEPS.t:H3N2_HA" linkedMean="true" ploidy="1.0" spec="biceps.BICEPS">
#            <parameter id="RealParameter.14" lower="0.0" name="populationShape" spec="beast.base.inference.parameter.RealParameter" upper="0.0">3.0</parameter>
#            <parameter id="BICEPSPopSize.t:H3N2_HA" lower="0.0" name="populationMean" spec="beast.base.inference.parameter.RealParameter">1.0</parameter>
#            <groupSizes dimension="10" estimate="false" id="BICEPSGroupSizes.t:H3N2_HA" spec="beast.base.inference.parameter.IntegerParameter">1</groupSizes>
#            <treeIntervals id="BICEPSTreeIntervals.t:H3N2_HA" spec="beast.base.evolution.tree.TreeIntervals">
#                <tree id="Tree.t:H3N2_HA" spec="beast.base.evolution.tree.Tree">
#                    <trait dateFormat="yyyy-M-dd" id="dateTrait.t:H3N2_HA" spec="beast.base.evolution.tree.TraitSet" traitname="date" value="H3N2.HA/Northern/3/2022-06-11=2022-06-11,H3N2.HA/Northern/7/2022-06-07=2022-06-07,H3N2.HA/Central/37/2022-06-15=2022-06-15,H3N2.HA/Te_Manawa_Taki/11/2022-06-28=2022-06-28,H3N2.HA/Northern/10/2022-06-22=2022-06-22,H3N2.HA/Central/39/2022-06-18=2022-06-18,H3N2.HA/Central/26/2022-06-04=2022-06-04,H3N2.HA/Central/19/2022-07-05=2022-07-05,H3N2.HA/Te_Manawa_Taki/6/2022-06-11=2022-06-11,H3N2.HA/Te_Waipounamu/10/2022-07-19=2022-07-19,H3N2.HA/Te_Manawa_Taki/12/2022-07-01=2022-07-01,H3N2.HA/Te_Manawa_Taki/13/2022-06-27=2022-06-27,H3N2.HA/Te_Manawa_Taki/5/2022-06-10=2022-06-10,H3N2.HA/Central/4/2022-07-07=2022-07-07,H3N2.HA/Northern/4/2022-06-29=2022-06-29,H3N2.HA/Te_Manawa_Taki/15/2022-07-04=2022-07-04,H3N2.HA/Northern/22/2022-07-13=2022-07-13,H3N2.HA/Central/2/2022-06-09=2022-06-09,H3N2.HA/Te_Waipounamu/9/2022-07-12=2022-07-12,H3N2.HA/Central/33/2022-06-10=2022-06-10,H3N2.HA/Central/42/2022-06-23=2022-06-23,H3N2.HA/Central/27/2022-06-04=2022-06-04,H3N2.HA/Central/1/2022-05-31=2022-05-31,H3N2.HA/Te_Waipounamu/6/2022-06-30=2022-06-30,H3N2.HA/Central/25/2022-06-02=2022-06-02,H3N2.HA/Central/30/2022-06-09=2022-06-09,H3N2.HA/Te_Waipounamu/3/2022-06-16=2022-06-16,H3N2.HA/Central/44/2022-07-08=2022-07-08,H3N2.HA/Central/12/2022-06-13=2022-06-13,H3N2.HA/Central/22/2022-06-01=2022-06-01,H3N2.HA/Central/35/2022-06-13=2022-06-13,H3N2.HA/Central/11/2022-06-13=2022-06-13,H3N2.HA/Te_Manawa_Taki/18/2022-07-06=2022-07-06,H3N2.HA/Central/20/2022-06-01=2022-06-01,H3N2.HA/Central/45/2022-07-12=2022-07-12,H3N2.HA/Central/28/2022-06-13=2022-06-13,H3N2.HA/Central/23/2022-06-02=2022-06-02,H3N2.HA/Central/17/2022-06-23=2022-06-23,H3N2.HA/Central/34/2022-06-13=2022-06-13,H3N2.HA/Te_Manawa_Taki/9/2022-06-16=2022-06-16,H3N2.HA/Northern/8/2022-06-12=2022-06-12,H3N2.HA/Te_Manawa_Taki/10/2022-06-21=2022-06-21,H3N2.HA/Central/31/2022-06-14=2022-06-14,H3N2.HA/Central/16/2022-06-22=2022-06-22,H3N2.HA/Northern/13/2022-06-21=2022-06-21,H3N2.HA/Central/43/2022-06-21=2022-06-21,H3N2.HA/Central/3/2022-06-22=2022-06-22,H3N2.HA/Northern/15/2022-06-13=2022-06-13,H3N2.HA/Central/38/2022-06-14=2022-06-14,H3N2.HA/Central/8/2022-06-09=2022-06-09,H3N2.HA/Central/24/2022-06-02=2022-06-02,H3N2.HA/Northern/11/2022-06-29=2022-06-29,H3N2.HA/Te_Waipounamu/2/2022-06-02=2022-06-02,H3N2.HA/Central/7/2022-06-02=2022-06-02,H3N2.HA/Northern/16/2022-07-12=2022-07-12,H3N2.HA/Te_Manawa_Taki/1/2022-06-14=2022-06-14,H3N2.HA/Central/6/2022-06-02=2022-06-02,H3N2.HA/Northern/21/2022-07-06=2022-07-06,H3N2.HA/Te_Manawa_Taki/8/2022-06-11=2022-06-11,H3N2.HA/Central/5/2022-07-07=2022-07-07,H3N2.HA/Central/18/2022-06-28=2022-06-28,H3N2.HA/Central/15/2022-06-21=2022-06-21,H3N2.HA/Central/36/2022-06-14=2022-06-14,H3N2.HA/Northern/18/2022-07-05=2022-07-05,H3N2.HA/Central/21/2022-05-31=2022-05-31,H3N2.HA/Central/46/2022-08-24=2022-08-24,H3N2.HA/Northern/12/2022-06-20=2022-06-20,H3N2.HA/Te_Manawa_Taki/4/2022-06-08=2022-06-08,H3N2.HA/Central/29/2022-06-13=2022-06-13,H3N2.HA/Te_Waipounamu/11/2022-07-24=2022-07-24,H3N2.HA/Central/32/2022-06-14=2022-06-14,H3N2.HA/Central/14/2022-06-17=2022-06-17,H3N2.HA/Central/13/2022-06-14=2022-06-14,H3N2.HA/Te_Manawa_Taki/2/2022-06-02=2022-06-02,H3N2.HA/Te_Manawa_Taki/16/2022-07-19=2022-07-19,H3N2.HA/Central/41/2022-06-22=2022-06-22,H3N2.HA/Te_Waipounamu/5/2022-06-27=2022-06-27,H3N2.HA/Northern/9/2022-06-12=2022-06-12,H3N2.HA/Northern/17/2022-06-27=2022-06-27,H3N2.HA/Northern/19/2022-07-09=2022-07-09,H3N2.HA/Northern/20/2022-07-08=2022-07-08,H3N2.HA/Central/9/2022-06-10=2022-06-10,H3N2.HA/Te_Waipounamu/4/2022-06-21=2022-06-21,H3N2.HA/Te_Waipounamu/7/2022-06-16=2022-06-16,H3N2.HA/Te_Waipounamu/8/2022-07-06=2022-07-06,H3N2.HA/Te_Manawa_Taki/3/2022-06-09=2022-06-09,H3N2.HA/Northern/6/2022-05-15=2022-05-15,H3N2.HA/Northern/14/2022-06-22=2022-06-22,H3N2.HA/Central/40/2022-06-22=2022-06-22,H3N2.HA/Central/10/2022-06-15=2022-06-15,H3N2.HA/Northern/1/2022-06-07=2022-06-07,H3N2.HA/Northern/2/2022-06-07=2022-06-07,H3N2.HA/Te_Waipounamu/1/2022-06-29=2022-06-29,H3N2.HA/Northern/5/2022-07-07=2022-07-07,H3N2.HA/Te_Manawa_Taki/7/2022-06-11=2022-06-11,H3N2.HA/Te_Manawa_Taki/17/2022-07-12=2022-07-12">
#                        <taxa id="TaxonSet.H3N2_HA" spec="beast.base.evolution.alignment.TaxonSet">
#                        </taxa>
#                    </trait>
#                    <taxonset idref="TaxonSet.H3N2_HA"/>
#                </tree>
#            </treeIntervals>
#        </distribution>
#        <prior id="BICEPSPopSizePrior.t:H3N2_HA" name="distribution" x="@BICEPSPopSize.t:H3N2_HA">
#            <LogNormal id="LogNormalDistributionModel.2" meanInRealSpace="true" name="distr">
#                <M id="Function$Constant.4" spec="beast.base.core.Function$Constant" value="0.01"/>
#                <S id="Function$Constant.5" spec="beast.base.core.Function$Constant" value="1.0"/>
#            </LogNormal>
#        </prior>
#        <prior id="ClockPrior.c:H3N2_HA" name="distribution">
#            <parameter id="clockRate.c:H3N2_HA" lower="0.0" name="x" spec="beast.base.inference.parameter.RealParameter">0.005</parameter>
#            <LogNormal id="LogNormalDistributionModel.3" meanInRealSpace="true" name="distr">
#                <parameter estimate="false" id="RealParameter.15" name="M" spec="beast.base.inference.parameter.RealParameter">0.005</parameter>
#                <parameter estimate="false" id="RealParameter.16" lower="0.0" name="S" spec="beast.base.inference.parameter.RealParameter" upper="5.0">0.3</parameter>
#            </LogNormal>
#        </prior>
#        <prior id="nonZeroRatePrior.s:location" name="distribution">
#            <x id="nonZeroRates.s:location" spec="beast.base.evolution.Sum">
#                <arg dimension="6" id="rateIndicator.s:location" spec="beast.base.inference.parameter.BooleanParameter">true</arg>
#            </x>
#            <distr id="Poisson.0" offset="3.0" spec="beast.base.inference.distribution.Poisson">
#                <parameter estimate="false" id="RealParameter.9" name="lambda" spec="beast.base.inference.parameter.RealParameter">0.693</parameter>
#            </distr>
#        </prior>
#        <prior id="relativeGeoRatesPrior.s:location" name="distribution">
#            <parameter dimension="6" id="relativeGeoRates.s:location" name="x" spec="beast.base.inference.parameter.RealParameter">1.0</parameter>
#            <Gamma id="Gamma.3" name="distr">
#                <parameter estimate="false" id="RealParameter.7" name="alpha" spec="beast.base.inference.parameter.RealParameter">1.0</parameter>
#                <parameter estimate="false" id="RealParameter.8" name="beta" spec="beast.base.inference.parameter.RealParameter">1.0</parameter>
#            </Gamma>
#        </prior>
#        <prior id="geoclockPrior.c:location" name="distribution">
#            <parameter id="traitClockRate.c:location" name="x" spec="beast.base.inference.parameter.RealParameter">0.5</parameter>
#            <LogNormal id="LogNormalDistributionModel.4" meanInRealSpace="true" name="distr">
#                <parameter estimate="false" id="RealParameter.17" name="M" spec="beast.base.inference.parameter.RealParameter">0.5</parameter>
#                <parameter estimate="false" id="RealParameter.18" lower="0.0" name="S" spec="beast.base.inference.parameter.RealParameter" upper="5.0">0.5</parameter>
#            </LogNormal>
#        </prior>
#    </distribution>
#    <distribution id="likelihood" spec="beast.base.inference.CompoundDistribution" useThreads="true">
#        <distribution data="@H3N2_HA" id="treeLikelihood.H3N2_HA" spec="beast.base.evolution.likelihood.ThreadedTreeLikelihood" tree="@Tree.t:H3N2_HA">
#            <siteModel id="SiteModel.s:H3N2_HA" spec="beast.base.evolution.sitemodel.SiteModel">
#                <parameter estimate="false" id="mutationRate.s:H3N2_HA" lower="0.0" name="mutationRate" spec="beast.base.inference.parameter.RealParameter">1.0</parameter>
#                <parameter estimate="false" id="gammaShape.s:H3N2_HA" lower="0.1" name="shape" spec="beast.base.inference.parameter.RealParameter">1.0</parameter>
#                <parameter estimate="false" id="proportionInvariant.s:H3N2_HA" lower="0.0" name="proportionInvariant" spec="beast.base.inference.parameter.RealParameter" upper="1.0">0.0</parameter>
#                <substModel id="Standard_JC.s:H3N2_HA" spec="substmodels.nucleotide.JC">
#                    <parameter estimate="false" id="JCrates.s:H3N2_HA" lower="0.0" name="rates" spec="beast.base.inference.parameter.RealParameter">1.0</parameter>
#                </substModel>
#            </siteModel>
#            <branchRateModel clock.rate="@clockRate.c:H3N2_HA" id="StrictClock.c:H3N2_HA" spec="beast.base.evolution.branchratemodel.StrictClockModel"/>
#        </distribution>
#        <distribution id="traitedtreeLikelihood.location" spec="beastclassic.evolution.likelihood.AncestralStateTreeLikelihood" tag="location" tree="@Tree.t:H3N2_HA">
#            <data id="location" spec="beastclassic.evolution.alignment.AlignmentFromTrait">
#                <traitSet id="traitSet.location" spec="beast.base.evolution.tree.TraitSet" taxa="@TaxonSet.H3N2_HA" traitname="discrete">H3N2.HA/Northern/3/2022-06-11=Northern,
#H3N2.HA/Northern/7/2022-06-07=Northern,
#H3N2.HA/Central/37/2022-06-15=Central,
#H3N2.HA/Te_Manawa_Taki/11/2022-06-28=Te_Manawa_Taki,
#H3N2.HA/Northern/10/2022-06-22=Northern,
#H3N2.HA/Central/39/2022-06-18=Central,
#H3N2.HA/Central/26/2022-06-04=Central,
#H3N2.HA/Central/19/2022-07-05=Central,
#H3N2.HA/Te_Manawa_Taki/6/2022-06-11=Te_Manawa_Taki,
#H3N2.HA/Te_Waipounamu/10/2022-07-19=Te_Waipounamu,
#H3N2.HA/Te_Manawa_Taki/12/2022-07-01=Te_Manawa_Taki,
#H3N2.HA/Te_Manawa_Taki/13/2022-06-27=Te_Manawa_Taki,
#H3N2.HA/Te_Manawa_Taki/5/2022-06-10=Te_Manawa_Taki,
#H3N2.HA/Central/4/2022-07-07=Central,
#H3N2.HA/Northern/4/2022-06-29=Northern,
#H3N2.HA/Te_Manawa_Taki/15/2022-07-04=Te_Manawa_Taki,
#H3N2.HA/Northern/22/2022-07-13=Northern,
#H3N2.HA/Central/2/2022-06-09=Central,
#H3N2.HA/Te_Waipounamu/9/2022-07-12=Te_Waipounamu,
#H3N2.HA/Central/33/2022-06-10=Central,
#H3N2.HA/Central/42/2022-06-23=Central,
#H3N2.HA/Central/27/2022-06-04=Central,
#H3N2.HA/Central/1/2022-05-31=Central,
#H3N2.HA/Te_Waipounamu/6/2022-06-30=Te_Waipounamu,
#H3N2.HA/Central/25/2022-06-02=Central,
#H3N2.HA/Central/30/2022-06-09=Central,
#H3N2.HA/Te_Waipounamu/3/2022-06-16=Te_Waipounamu,
#H3N2.HA/Central/44/2022-07-08=Central,
#H3N2.HA/Central/12/2022-06-13=Central,
#H3N2.HA/Central/22/2022-06-01=Central,
#H3N2.HA/Central/35/2022-06-13=Central,
#H3N2.HA/Central/11/2022-06-13=Central,
#H3N2.HA/Te_Manawa_Taki/18/2022-07-06=Te_Manawa_Taki,
#H3N2.HA/Central/20/2022-06-01=Central,
#H3N2.HA/Central/45/2022-07-12=Central,
#H3N2.HA/Central/28/2022-06-13=Central,
#H3N2.HA/Central/23/2022-06-02=Central,
#H3N2.HA/Central/17/2022-06-23=Central,
#H3N2.HA/Central/34/2022-06-13=Central,
#H3N2.HA/Te_Manawa_Taki/9/2022-06-16=Te_Manawa_Taki,
#H3N2.HA/Northern/8/2022-06-12=Northern,
#H3N2.HA/Te_Manawa_Taki/10/2022-06-21=Te_Manawa_Taki,
#H3N2.HA/Central/31/2022-06-14=Central,
#H3N2.HA/Central/16/2022-06-22=Central,
#H3N2.HA/Northern/13/2022-06-21=Northern,
#H3N2.HA/Central/43/2022-06-21=Central,
#H3N2.HA/Central/3/2022-06-22=Central,
#H3N2.HA/Northern/15/2022-06-13=Northern,
#H3N2.HA/Central/38/2022-06-14=Central,
#H3N2.HA/Central/8/2022-06-09=Central,
#H3N2.HA/Central/24/2022-06-02=Central,
#H3N2.HA/Northern/11/2022-06-29=Northern,
#H3N2.HA/Te_Waipounamu/2/2022-06-02=Te_Waipounamu,
#H3N2.HA/Central/7/2022-06-02=Central,
#H3N2.HA/Northern/16/2022-07-12=Northern,
#H3N2.HA/Te_Manawa_Taki/1/2022-06-14=Te_Manawa_Taki,
#H3N2.HA/Central/6/2022-06-02=Central,
#H3N2.HA/Northern/21/2022-07-06=Northern,
#H3N2.HA/Te_Manawa_Taki/8/2022-06-11=Te_Manawa_Taki,
#H3N2.HA/Central/5/2022-07-07=Central,
#H3N2.HA/Central/18/2022-06-28=Central,
#H3N2.HA/Central/15/2022-06-21=Central,
#H3N2.HA/Central/36/2022-06-14=Central,
#H3N2.HA/Northern/18/2022-07-05=Northern,
#H3N2.HA/Central/21/2022-05-31=Central,
#H3N2.HA/Central/46/2022-08-24=Central,
#H3N2.HA/Northern/12/2022-06-20=Northern,
#H3N2.HA/Te_Manawa_Taki/4/2022-06-08=Te_Manawa_Taki,
#H3N2.HA/Central/29/2022-06-13=Central,
#H3N2.HA/Te_Waipounamu/11/2022-07-24=Te_Waipounamu,
#H3N2.HA/Central/32/2022-06-14=Central,
#H3N2.HA/Central/14/2022-06-17=Central,
#H3N2.HA/Central/13/2022-06-14=Central,
#H3N2.HA/Te_Manawa_Taki/2/2022-06-02=Te_Manawa_Taki,
#H3N2.HA/Te_Manawa_Taki/16/2022-07-19=Te_Manawa_Taki,
#H3N2.HA/Central/41/2022-06-22=Central,
#H3N2.HA/Te_Waipounamu/5/2022-06-27=Te_Waipounamu,
#H3N2.HA/Northern/9/2022-06-12=Northern,
#H3N2.HA/Northern/17/2022-06-27=Northern,
#H3N2.HA/Northern/19/2022-07-09=Northern,
#H3N2.HA/Northern/20/2022-07-08=Northern,
#H3N2.HA/Central/9/2022-06-10=Central,
#H3N2.HA/Te_Waipounamu/4/2022-06-21=Te_Waipounamu,
#H3N2.HA/Te_Waipounamu/7/2022-06-16=Te_Waipounamu,
#H3N2.HA/Te_Waipounamu/8/2022-07-06=Te_Waipounamu,
#H3N2.HA/Te_Manawa_Taki/3/2022-06-09=Te_Manawa_Taki,
#H3N2.HA/Northern/6/2022-05-15=Northern,
#H3N2.HA/Northern/14/2022-06-22=Northern,
#H3N2.HA/Central/40/2022-06-22=Central,
#H3N2.HA/Central/10/2022-06-15=Central,
#H3N2.HA/Northern/1/2022-06-07=Northern,
#H3N2.HA/Northern/2/2022-06-07=Northern,
#H3N2.HA/Te_Waipounamu/1/2022-06-29=Te_Waipounamu,
#H3N2.HA/Northern/5/2022-07-07=Northern,
#H3N2.HA/Te_Manawa_Taki/7/2022-06-11=Te_Manawa_Taki,
#H3N2.HA/Te_Manawa_Taki/17/2022-07-12=Te_Manawa_Taki</traitSet>
#                <userDataType codeMap="Central=0,Northern=1,Te_Manawa_Taki=2,Te_Waipounamu=3,? = 0 1 2 3 " codelength="-1" id="traitDataType.location" spec="beast.base.evolution.datatype.UserDataType" states="4"/>
#            </data>
#            <siteModel gammaCategoryCount="1" id="geoSiteModel.s:location" spec="beast.base.evolution.sitemodel.SiteModel">
#                <parameter estimate="false" id="mutationRate.s:location" name="mutationRate" spec="beast.base.inference.parameter.RealParameter">1.0</parameter>
#                <parameter estimate="false" id="gammaShape.s:location" name="shape" spec="beast.base.inference.parameter.RealParameter">1.0</parameter>
#                <parameter estimate="false" id="proportionInvariant.s:location" lower="0.0" name="proportionInvariant" spec="beast.base.inference.parameter.RealParameter" upper="1.0">0.0</parameter>
#                <substModel id="svs.s:location" rateIndicator="@rateIndicator.s:location" rates="@relativeGeoRates.s:location" spec="beastclassic.evolution.substitutionmodel.SVSGeneralSubstitutionModel">
#                    <frequencies id="traitfreqs.s:location" spec="beast.base.evolution.substitutionmodel.Frequencies">
#                        <parameter dimension="4" id="traitfrequencies.s:location" name="frequencies" spec="beast.base.inference.parameter.RealParameter">0.25</parameter>
#                    </frequencies>
#                </substModel>
#            </siteModel>
#            <branchRateModel clock.rate="@traitClockRate.c:location" id="StrictClockModel.c:location" spec="beast.base.evolution.branchratemodel.StrictClockModel"/>
#        </distribution>
#    </distribution>
#</input>
#
Sample	treeLikelihood.H3N2_HA	Tree.height	Tree.treeLength	rateIndicator.1	rateIndicator.2	rateIndicator.3	rateIndicator.4	rateIndicator.5	rateIndicator.6	relativeGeoRates.1	relativeGeoRates.2	relativeGeoRates.3	relativeGeoRates.4	relativeGeoRates.5	relativeGeoRates.6	traitClockRate.location	geoSubstModelLogger.relGeoRate_Central_Northern	geoSubstModelLogger.relGeoRate_Central_Te_Manawa_Taki	geoSubstModelLogger.relGeoRate_Central_Te_Waipounamu	geoSubstModelLogger.relGeoRate_Northern_Te_Manawa_Taki	geoSubstModelLogger.relGeoRate_Northern_Te_Waipounamu	geoSubstModelLogger.relGeoRate_Te_Manawa_Taki_Te_Waipounamu	clockRate.H3N2_HA	BICEPS	PopSizes.1	PopSizes.2	PopSizes.3	PopSizes.4	PopSizes.5	PopSizes.6	PopSizes.7	PopSizes.8	PopSizes.9	PopSizes.10	GroupSizes.1	GroupSizes.2	GroupSizes.3	GroupSizes.4	GroupSizes.5	GroupSizes.6	GroupSizes.7	GroupSizes.8	GroupSizes.9	GroupSizes.10	BICEPSPopSize
0	-4238.098926805642	1.948154798378949	14.552993838906927	1	1	1	1	1	1	1.0	1.0	1.0	1.0	1.0	1.0	0.5	1.0	1.0	1.0	1.0	1.0	1.0	0.005	-121.21210380796441	2.0954506652978844	0.9594567938721594	0.810729747349264	0.6143648807274451	0.8685063184240995	1.5118753400883072	1.4488507636529713	0.9255813387279819	1.08112114655893	0.9252164769094904	10	10	10	10	10	9	9	9	9	9	1.0
1000	-3943.230767641453	3.2096955944984615	40.72326914253423	1	1	0	0	1	1	0.9324747227328645	1.057879579987334	1.0410507670761726	0.9937241481212439	1.0865391180993247	1.0075844175593396	2.5553814318593733	0.9324747227328645	1.057879579987334	0.0	0.0	1.0865391180993247	1.0075844175593396	0.001922478584926434	-245.94499063263805	65.19961590462015	19.898021890977287	3.1388194163061933	2.9677071288678567	3.0601641917042577	1.0072619053559473	1.2287981843140643	1.6721311471545826	1.3039782924385528	2.070217951320047	10	10	10	10	10	9	9	9	9	9	0.5331659319244125
2000	-3903.784378995166	2.1377148774668706	23.657457284302513	1	1	1	0	1	1	0.9622953459885015	1.0007467846293776	1.125551515165843	0.9949158910940025	1.1357187724319904	1.0632296374046608	2.6027494563257525	0.9622953459885015	1.0007467846293776	1.125551515165843	0.0	1.1357187724319904	1.0632296374046608	0.0035087060023489174	-198.50839218483313	41.52529417439854	11.10727519594339	3.9914833019078286	1.6548037330768284	0.777218995236281	0.7626160656627292	1.8437243218823456	0.6777196215586244	1.2797451698352011	1.2317390483062343	10	10	10	10	10	9	9	9	9	9	0.18614805036044252
3000	-3831.9194584573215	1.6212225469194128	24.175390646826934	1	1	1	1	0	1	0.9787044886798727	1.0207494384072722	1.0519038261335034	1.1641475710651408	1.3078339075742753	1.0811200340830955	2.0955112897430266	0.9787044886798727	1.0207494384072722	1.0519038261335034	1.1641475710651408	0.0	1.0811200340830955	0.0035087060023489174	-217.2674704606688	31.91092990601176	12.364151904896367	3.815725523721377	3.5337819586900627	3.310046656435339	1.0260258723678364	1.2955711090215725	0.5488501604186982	1.2469524731271648	0.938182476003849	10	10	10	10	10	9	9	9	9	9	0.34482413799767964
4000	-3794.734241995727	1.1687696674891273	21.032933059258376	1	1	1	1	0	0	1.1454060834664614	0.9860154017763668	0.9559712625012377	1.0269249365318869	1.3596385988825905	1.123355233130231	2.4999850686589413	1.1454060834664614	0.9860154017763668	0.9559712625012377	1.0269249365318869	0.0	0.0	0.0035087060023489174	-194.76758511850892	29.268013930916428	13.642797697927863	4.460298652393482	7.008142227067221	2.2439207153169463	1.6586940977263982	0.7682436024513133	1.1176958680240123	0.4393099733136016	0.8058389803108906	10	10	10	10	10	9	9	9	9	9	0.4563994828277647
5000	-3766.621434040704	1.212906962514291	21.527098759640637	1	1	1	0	0	1	1.287920876347429	0.9875478644631004	0.9710542567723311	1.068044468310543	1.2256208790665435	1.132030195288256	1.7146632006642386	1.287920876347429	0.9875478644631004	0.9710542567723311	0.0	0.0	1.132030195288256	0.0035087060023489174	-191.84457948173286	30.835329914155405	14.311997980079665	3.244483133817783	6.848713072355814	2.894421918895196	0.9981297811406411	0.6012935397801106	0.40588530380242077	0.81502707759925	0.5202237154549344	10	10	10	10	10	9	9	9	9	9	0.28792143018550576
6000	-3739.965598028146	1.1035544625564637	17.56728378219964	1	1	1	0	1	1	1.4387685736956537	0.915042400149672	0.9189184989562175	1.15333149969126	1.1117512231607358	1.0797925434298945	3.2328757985140144	1.4387685736956537	0.915042400149672	0.9189184989562175	0.0	1.1117512231607358	1.0797925434298945	0.003782598564056117	-172.6722975894188	16.47870017104939	13.872115540985709	3.8882724950716363	2.4043018193303105	1.7881097481425239	0.703201941893445	0.5842922334530133	0.5229212737776869	0.7170582811019323	0.41961601274048504	10	10	10	10	10	9	9	9	9	9	0.2621331216301426
7000	-3734.0953858857756	1.044152899644686	17.000602558070497	1	1	1	0	1	0	1.56844066311281	1.0071377342766459	0.8952885923560038	1.2461789139620907	1.1788036734767267	1.1075415459663436	2.0677928171723354	1.56844066311281	1.0071377342766459	0.8952885923560038	0.0	1.1788036734767267	0.0	0.003782598564056117	-169.389648051011	11.18394862912381	8.37959301730652	4.125449446878274	2.2928507239723217	1.097893425904396	0.7594204041367856	0.8296578913715691	0.4427908904526047	0.48707385165512385	0.44969874567112	10	10	10	10	10	9	9	9	9	9	0.1934538817040369
8000	-3700.9114738646044	1.1214265837983906	18.254811552367094	1	1	1	0	1	0	1.510281057614877	1.0822894681911295	0.8399362087643358	1.235285479832283	1.114196813881093	1.0418608464689643	1.47204847989657	1.510281057614877	1.0822894681911295	0.8399362087643358	0.0	1.114196813881093	0.0	0.003782598564056117	-192.99387121644202	19.251494017402216	13.09241425202115	5.270446856591847	4.399975643387332	2.9850190587062944	1.4180668907834308	0.8533053237195284	0.7441208570767706	0.49144585231289245	0.5165331677789001	10	10	10	10	10	9	9	9	9	9	0.12498749737104
9000	-3686.0389027032134	1.2808328679364416	20.68699894424323	1	1	1	0	1	1	1.4424259996085314	1.099359117298241	0.8455012365058953	1.0713188845998163	1.1329583880790552	1.0830532249592437	2.5644044206705288	1.4424259996085314	1.099359117298241	0.8455012365058953	0.0	1.1329583880790552	1.0830532249592437	0.003782598564056117	-207.94266217351105	15.483152637622807	13.842104408582136	4.678842171217369	3.3803865145823613	3.023392843723773	1.2433750777673602	1.3504598621190753	0.4439543374186259	0.7227247432475398	0.5137171952927528	10	10	10	10	10	9	9	9	9	9	0.11008601547579365
10000	-3647.085912414643	1.2746458543678205	22.098488666328905	1	1	1	1	1	0	1.5283463618036124	1.0929698622321258	0.8435968648636999	1.1404074196450893	1.1601555807325397	1.105854392135129	2.2658965866737417	1.5283463618036124	1.0929698622321258	0.8435968648636999	1.1404074196450893	1.1601555807325397	0.0	0.003782598564056117	-214.08547628800375	24.4964428549022	14.272521621566872	3.6644248303621487	5.250180541414241	1.8525718657102177	1.1688793962918367	1.4604302908707452	0.9679849772109345	1.1494154051367245	0.8346931848323587	10	10	10	10	10	9	9	9	9	9	0.0632550323111376
11000	-3626.4530516224213	1.2259582995640748	19.486947252776844	1	1	1	0	0	1	1.4877373702720715	1.0831946516405353	0.8894571083276239	1.1038402416072848	1.023024943206385	1.0886424023097132	2.0478861831036923	1.4877373702720715	1.0831946516405353	0.8894571083276239	0.0	0.0	1.0886424023097132	0.003782598564056117	-183.5330532236703	29.227959213018146	10.491783777853957	4.354577458635032	2.3610821850800376	1.599978132263977	0.7693003242792784	0.6548180484426184	0.47717955155434794	1.1967433201521962	0.6852115872752254	10	10	10	10	10	9	9	9	9	9	0.05220968558451377
12000	-3591.657170691626	1.2205684433510604	22.7704662108195	1	1	1	0	0	1	1.4144293438263975	1.0400723656204631	0.9213374656875785	1.1813117786252951	1.099414454046722	0.9590272153324353	1.4151615833851772	1.4144293438263975	1.0400723656204631	0.9213374656875785	0.0	0.0	0.9590272153324353	0.003782598564056117	-202.55192206790025	45.31203051881349	15.842033788624105	7.313871291820646	3.907014650930787	2.430474125496804	0.8617388514921044	0.9175086964530769	0.6333322005221629	0.5971044546507667	0.6365730781703136	10	10	10	10	10	9	9	9	9	9	0.042572705434693214
13000	-3565.041697059125	1.1050480151921227	21.855039929800665	1	1	1	1	0	0	1.3660861839313698	1.0259292896947922	0.9743479750033471	1.1419746347694737	1.2082528869837568	0.9497691011051241	1.6333222409272854	1.3660861839313698	1.0259292896947922	0.9743479750033471	1.1419746347694737	0.0	0.0	0.003782598564056117	-191.620218630675	44.500448915918504	26.517727965307348	4.918693909456572	4.8177921609557215	2.7967209481076525	1.4415206653583776	0.9439013068914481	0.43922796979542905	0.7186128976268075	0.7357182145562098	10	10	10	10	10	9	9	9	9	9	0.045938936990203155
14000	-3562.244358258662	1.0288725940025685	22.68662883131211	1	1	1	1	0	1	1.4334346808240472	1.030500688706126	1.0323795604757235	1.1222486738768156	1.2029935958048406	0.9122344380042002	2.211960581240065	1.4334346808240472	1.030500688706126	1.0323795604757235	1.1222486738768156	0.0	0.9122344380042002	0.003782598564056117	-205.52470579211163	21.75014983481385	20.79880616498193	6.595635017122357	4.220316744832694	3.6940383797460523	1.0622255133586331	0.7265369569325915	0.2834463783890225	0.5373140307728821	0.2486722677503508	10	10	10	10	10	9	9	9	9	9	0.028570667804017895
15000	-3559.467550808535	1.0359766855865664	21.95911419347084	1	1	1	1	0	0	1.574054590878274	1.122459404836352	0.9643115552925111	1.1959252531474973	1.1449850817137366	0.9744953730067832	1.192323128006467	1.574054590878274	1.122459404836352	0.9643115552925111	1.1959252531474973	0.0	0.0	0.0029414678726956546	-211.29206396411044	30.067002499432032	18.36693324480208	5.721544912395553	8.432776088156457	3.511171094325009	1.974427882010015	1.0533797387248445	0.5016907531612036	0.6510330344442568	0.2261394697745702	10	10	10	10	10	9	9	9	9	9	0.027014758193238005
16000	-3522.839658180686	1.2487415209038133	24.585197841520156	1	1	1	1	0	1	1.359984703457454	1.0817323077871441	1.0131499908640949	1.1673318841025162	1.1714794336936913	0.9555596355308379	1.5594045486719765	1.359984703457454	1.0817323077871441	1.0131499908640949	1.1673318841025162	0.0	0.9555596355308379	0.0029414678726956546	-221.88509630135167	11.350031675888243	17.093799362045125	9.78736605982672	8.531276730943413	4.822555660760806	1.9453894736222699	1.2701701548833335	0.4207961194252853	1.0901139405220241	0.541799155387972	10	10	10	10	10	9	9	9	9	9	0.042167267443943876
17000	-3497.9365455932593	1.2281842816519406	24.004830987980938	1	1	1	1	0	0	1.499235304265994	0.982901642288484	1.0314989020534489	1.1909017038144554	1.306025027223589	0.8768933372474034	1.555596332019318	1.499235304265994	0.982901642288484	1.0314989020534489	1.1909017038144554	0.0	0.0	0.0029414678726956546	-216.44748839696834	9.812271341512814	26.321283374958576	7.721046284068789	16.078432542150136	4.1726032765566305	2.3464287092864935	1.4826189253508277	0.38146498257632183	0.23729037478284895	0.8763213023218727	10	10	10	10	10	9	9	9	9	9	0.06371704990593005
18000	-3486.301600163715	0.9010529546304042	19.944310959390545	1	1	1	1	0	0	1.3935599205099605	0.9737464242519818	0.9749525174757967	1.0740724090317115	1.2967072566306448	0.9636820373994702	2.1155230505074063	1.3935599205099605	0.9737464242519818	0.9749525174757967	1.0740724090317115	0.0	0.0	0.0029414678726956546	-195.91140448927837	14.759808892733139	19.350302125527588	9.822749161355459	10.970497593984211	2.255161230974297	2.728573769079865	0.9258758405826224	0.5275975798677378	0.2698676641171534	0.7611526045935056	10	10	10	10	10	9	9	9	9	9	0.04652523116987999
19000	-3457.4044160513804	1.1486339869652546	22.44953379719967	1	1	1	1	0	0	1.1552779533604491	1.2240742719415028	0.9964808164046226	1.285291583235817	1.5457124544418717	0.7870371755155428	1.337518553644416	1.1552779533604491	1.2240742719415028	0.9964808164046226	1.285291583235817	0.0	0.0	0.0029414678726956546	-209.19987720010354	13.252120691981826	23.410822836447984	5.328725806788822	14.432062183289814	3.014740891677075	1.3342672947216914	0.5715324196219009	0.2513409991969103	0.2047615094862033	0.575005644218679	10	10	10	10	10	9	9	9	9	9	0.03293845659852072
20000	-3453.713648155267	0.9102684638378541	20.109014153483557	1	1	1	1	0	1	1.791856475932162	1.61142132713954	1.5419115326977104	0.46988563486541174	3.5568042026059254	2.4481354808245026	2.150297491588696	1.791856475932162	1.61142132713954	1.5419115326977104	0.46988563486541174	0.0	2.4481354808245026	0.0029414678726956546	-196.89104552321058	21.525005918898536	12.770524800921743	7.9277470223966935	6.30472414529624	3.982061551356484	1.4060547868269966	0.6103501337915135	0.29350581692276195	0.4771299364362342	0.4058269458207498	10	10	10	10	10	9	9	9	9	9	0.061867220470527215
21000	-3450.8273025399585	0.9091909860112732	21.19438323586789	1	1	1	1	0	0	1.476443803072589	1.9136021809869197	0.9482390213655947	0.36448185245607406	1.3049175259085914	0.3394017894034467	1.7390229232341998	1.476443803072589	1.9136021809869197	0.9482390213655947	0.36448185245607406	0.0	0.0	0.0029414678726956546	-198.50382306719217	18.724710338386437	18.650339819340708	11.625256528577236	8.571172400150756	2.3733762645276975	0.7780517925568688	0.45014217792934974	0.2251017175585301	0.40401359379996094	0.4413690853471738	10	10	10	10	10	9	9	9	9	9	0.033783249872108165
22000	-3435.2022456939567	0.9880113720257597	20.254424601963787	1	1	1	1	1	0	0.5584523082819314	1.1155556490382688	0.3338880244643589	0.9008935455165004	0.7897966598616427	1.3952058806943841	1.8033673840219273	0.5584523082819314	1.1155556490382688	0.3338880244643589	0.9008935455165004	0.7897966598616427	0.0	0.0029414678726956546	-195.88383673799345	15.117996729892734	13.623304343314782	7.954368632724722	6.817658116880421	3.6867456176136972	0.8289985362596353	0.4381218058393582	0.43061991017720613	0.5912158285692591	0.5234978926445276	10	10	10	10	10	9	9	9	9	9	0.5794187813512596
23000	-3436.9325090642765	1.1841793070395275	20.42499234032652	1	1	1	1	0	1	1.4587932878515424	1.7312495288962089	1.0403065189850855	1.1555862048880834	0.24987845532293393	2.337474421617831	2.648831874477823	1.4587932878515424	1.7312495288962089	1.0403065189850855	1.1555862048880834	0.0	2.337474421617831	0.0029414678726956546	-191.71693922044076	26.581864601592073	15.99176906092542	10.819598832521208	3.661391433022189	1.708467410831964	1.0881007688870437	0.47397951915230213	0.5289434671610895	0.49702637842045644	0.5241227796922316	10	10	10	10	10	9	9	9	9	9	0.1830222511317571
24000	-3427.1483165486097	0.634827875208053	15.046379303539915	1	1	1	1	0	0	3.392882423717288	1.2496964340887022	1.1655801079153663	0.5064979141640412	0.11431673356005566	1.26028482716355	1.9764449712406733	3.392882423717288	1.2496964340887022	1.1655801079153663	0.5064979141640412	0.0	0.0	0.004129157763803566	-170.8140642476129	15.202958180692136	19.2702559025353	7.504780812426821	3.1436988006119444	3.173798137865396	0.725045440607075	0.8002523101035838	0.31343155376764203	0.38392734638713544	0.4160510764729451	10	10	10	10	10	9	9	9	9	9	0.145729610447427
25000	-3401.686877907478	0.63773562465479	14.825383163613623	1	1	1	0	0	0	0.6654921384227006	0.76335555494341	0.6482518335326818	0.5838813730365089	0.15975338746155326	1.1476452432179	2.4768300615677976	0.6654921384227006	0.76335555494341	0.6482518335326818	0.0	0.0	0.0	0.004129157763803566	-166.4001241674501	10.019130070056708	11.92307903674238	11.776665880975395	2.9399349413907574	1.0188369200778855	0.8617166695097173	0.8757643237721368	0.36537977010192474	0.3835870862459636	0.41753078716388037	10	10	10	10	10	9	9	9	9	9	0.15578161536087484
26000	-3393.5195644743476	0.5829846313654317	15.635680514498437	1	1	1	1	1	0	0.8976518797172198	0.7059145850220945	0.12340308264165871	0.7518193805894708	0.672259116455738	0.476332607266451	2.236359587782224	0.8976518797172198	0.7059145850220945	0.12340308264165871	0.7518193805894708	0.672259116455738	0.0	0.004129157763803566	-188.19595215508468	9.07819506238591	13.25647182621417	7.714381150097044	3.435321765733638	2.946574530374569	0.8211004061120648	0.6726516587201696	0.7376550035242156	0.3971291758431158	0.4053471148023163	10	10	10	10	10	9	9	9	9	9	0.007785808977125996
27000	-3374.435858807447	0.5464600641973949	16.800479654921357	1	1	1	0	0	0	1.500890064806114	1.3881136638007743	1.423480666181122	0.2094885854370642	1.5830182510113264	0.6208483703564367	1.7683351843327406	1.500890064806114	1.3881136638007743	1.423480666181122	0.0	0.0	0.0	0.0034987547820512516	-163.32130426572903	15.791122793936148	16.982517993283828	15.20457429271165	5.825272796815448	1.4264865711169707	0.9505540454906156	0.7334567120379476	0.3962561109861276	0.24384004571998336	0.2228306268877665	10	10	10	10	10	9	9	9	9	9	0.42773118667143056
28000	-3363.6098480639143	0.8310605865779103	22.620733855281816	1	1	1	0	0	1	2.7655268758971845	2.2217457793314477	0.890712448975197	0.7745611894415407	0.3680128333419936	0.39422946148775134	1.1175172435229075	2.7655268758971845	2.2217457793314477	0.890712448975197	0.0	0.0	0.39422946148775134	0.0024936132740867186	-202.6052107489301	7.535802907785611	13.957966035887294	19.745702138235192	6.269489104257769	1.8473918063858306	2.209036976998458	0.9512453272066023	0.6388539103667167	0.5034828743099775	0.09062222572968802	10	10	10	10	10	9	9	9	9	9	0.06088909092719778
29000	-3372.114719144135	0.5511568862345273	16.246215731623266	1	1	1	1	0	0	1.509292050945924	3.0021608026181736	0.8676241405434412	0.16718818502478341	4.091104576907913	0.21933541865719833	1.7150922011403786	1.509292050945924	3.0021608026181736	0.8676241405434412	0.16718818502478341	0.0	0.0	0.00340930904121504	-153.19107513896483	10.742080628530857	8.28129500212733	9.416290911717516	10.837151670202486	3.4275791922835976	1.0974560983326571	0.9241144575820586	0.21035966213684915	0.17885169890785205	0.1033046998804748	10	10	10	10	10	9	9	9	9	9	0.23894395152255374
30000	-3372.014297811056	0.6247535514629177	15.110220305134057	1	1	1	1	0	0	1.968031482643422	3.0516744557548416	1.4267213570496273	0.15537925884213824	0.7290361323933918	0.543854969724667	1.7433340221149964	1.968031482643422	3.0516744557548416	1.4267213570496273	0.15537925884213824	0.0	0.0	0.00340930904121504	-167.76979221460533	5.543073770072464	8.64694796754521	7.5757271302163565	6.88535193330911	1.745582707055207	1.480791529449831	1.1266202855238254	0.185205423296666	0.19883276588855361	0.15558596912362613	10	10	10	10	10	9	9	9	9	9	0.04291565252877154
31000	-3359.484200913425	0.49526441746538524	14.337889633691296	1	1	1	1	0	0	0.9053464149415034	0.7881073427802971	0.3246047362519396	0.9507229472591423	0.21964521638341603	2.164016764924945	2.5379874909385127	0.9053464149415034	0.7881073427802971	0.3246047362519396	0.9507229472591423	0.0	0.0	0.004102079995726161	-157.7632766918365	7.525998594237764	6.763999934095114	8.380246109786311	4.134668898647078	2.639035294594772	1.7386201252504063	1.3846051540678201	0.2955243274938868	0.15239158178090967	0.05988624882288669	10	10	10	10	10	9	9	9	9	9	0.2647160371415865
32000	-3348.4645135600745	0.4784148655159565	12.80502926870289	1	1	1	1	0	1	2.200031919632458	1.781330951091215	0.8578348563818852	0.4700465872845894	0.564676842371126	0.6388088524332844	2.768470645630064	2.200031919632458	1.781330951091215	0.8578348563818852	0.4700465872845894	0.0	0.6388088524332844	0.004102079995726161	-156.76598805036915	6.505444142880095	7.53443411189959	7.067486998949546	3.2608455975019113	2.5835772470728986	1.5015239505255205	1.2499121464404837	0.6936319968737459	0.3461379810627292	0.07917142426393621	10	10	10	10	10	9	9	9	9	9	0.2850100435788739
33000	-3340.9962761271063	0.4973910019195712	13.002612613614827	1	1	1	1	1	0	1.7876976564212983	2.4475962933284334	1.4444166926387845	1.8989525439330763	2.34562222107004	1.8781097068332075	2.496315192502679	1.7876976564212983	2.4475962933284334	1.4444166926387845	1.8989525439330763	2.34562222107004	0.0	0.004102079995726161	-166.21153266980417	5.723433970524025	4.211427688285689	8.741363716001977	6.9134147787381535	2.4119860864745113	2.206985820808188	0.5468167368354906	0.7752563694850719	0.18726788155190302	0.2142990524562734	10	10	10	10	10	9	9	9	9	9	0.1483706697531108
34000	-3335.897016278526	0.5139072752593904	14.291999512881684	1	1	1	0	1	0	1.7944128931812147	1.9817496273782347	0.05581770680909797	0.5440399287322591	0.9785376337197155	0.8644619766992165	3.201014999047329	1.7944128931812147	1.9817496273782347	0.05581770680909797	0.0	0.9785376337197155	0.0	0.003359189798382122	-178.91402921979764	13.38435041125836	5.338341696840781	10.508124627047989	6.157945333528604	3.6494255922662413	1.872400266732777	1.0177009045262346	0.799535971558266	0.32237552559230714	0.18343403103248865	10	10	10	10	10	9	9	9	9	9	0.09256520459170982
35000	-3326.154959636671	0.9289872695528846	20.90391719474906	1	1	0	1	1	0	3.6588595681078644	3.2519900899486838	0.31331303982443764	0.5187176254388328	4.126092639841608	0.722492091416571	1.6909344796101229	3.6588595681078644	3.2519900899486838	0.0	0.5187176254388328	4.126092639841608	0.0	0.0027234568136226683	-208.50742586518555	5.9811847145977906	17.146385760567863	10.563907063536414	6.539860286456917	8.279614061708669	2.7399754231917983	1.648184915804932	0.6798694416380242	0.3578715356790078	0.14429115175313617	10	10	10	10	10	9	9	9	9	9	0.2394063257246883
36000	-3291.6704707960494	0.662005113100657	17.757716208281046	1	1	1	0	1	1	0.971933181734848	1.4692081644196584	0.2551092227293373	1.2553567059566182	1.0285975331548898	1.3497068444040539	2.5448347048090447	0.971933181734848	1.4692081644196584	0.2551092227293373	0.0	1.0285975331548898	1.3497068444040539	0.002968013994117108	-195.17573416987494	9.85181102966483	10.530211079610059	10.553970695079254	8.51207318619417	4.261256948241417	1.7293537127581684	0.9631148151737224	0.8252061676117939	0.1933501254485624	0.2910799647480264	10	10	10	10	10	9	9	9	9	9	0.10499963798092687
37000	-3289.8618091866165	0.8501091823739831	17.800010869559525	1	1	1	0	1	0	1.1321860163940576	2.463318072700372	1.9969086784291177	1.1777882828964783	1.4665819075846591	1.2693344414286378	2.380336527011157	1.1321860163940576	2.463318072700372	1.9969086784291177	0.0	1.4665819075846591	0.0	0.0025189277511057486	-204.88982644544646	6.0521146155616306	7.095984978106499	9.06162516009888	8.614280288029384	2.674518042413828	4.385115067914439	2.250684390147901	0.9322880671967327	0.48327132463235367	0.21288126499712773	10	10	10	10	10	9	9	9	9	9	0.19448917986429345
38000	-3281.0528912417503	0.9723580330761936	18.91854560670241	1	1	0	0	1	0	1.041006482992133	0.6019645343668556	0.706748593521452	0.6988929856301928	1.3815285629916798	0.8457067010504312	1.7940677699360368	1.041006482992133	0.6019645343668556	0.0	0.0	1.3815285629916798	0.0	0.0025189277511057486	-207.85186589460355	10.25344713509627	4.701473836927125	4.497873319558809	7.985474699632755	4.719879245223527	4.087341058336913	1.1105119507317192	0.9565367931180465	0.553522168385592	0.40761196177155123	10	10	10	10	10	9	9	9	9	9	0.15962579236658025
39000	-3271.281260656988	0.732550854978891	18.937799365497415	1	1	1	0	0	0	2.2244021188479253	1.1062873195200615	1.3082680316500979	2.385961978369517	0.6075588866013413	0.773278810636299	1.1972440621952882	2.2244021188479253	1.1062873195200615	1.3082680316500979	0.0	0.0	0.0	0.0025189277511057486	-203.69011582620263	13.876109005289525	3.2180066552313873	13.838867329225538	9.11547797798996	6.4049340401561805	4.8339467089555	1.5843249135972073	0.577625153372401	0.2580288742193277	0.2493901443174517	10	10	10	10	10	9	9	9	9	9	0.054628147043590085
40000	-3257.320138828886	0.9610445827120795	22.037664588775773	1	1	0	0	1	1	1.7821035967633474	0.8512492057964192	0.13280855233921612	0.572924494203506	1.9025889507196898	0.3836864939476703	1.273624850303987	1.7821035967633474	0.8512492057964192	0.0	0.0	1.9025889507196898	0.3836864939476703	0.0025189277511057486	-226.09847235484318	22.053104905079863	9.199842397879541	11.357785261511752	11.327631026551082	3.535129187802142	1.912891141857509	2.0905523664538994	0.7937798579323058	0.25127884273998913	0.2170911419594659	10	10	10	10	10	9	9	9	9	9	0.033442562443385275
41000	-3252.8963532538137	0.9219787453510591	22.766543435066808	1	1	0	0	1	0	1.3558307013744362	0.9383149192788445	1.044383768413979	0.9998104242716157	0.8569488569147122	1.275234533242607	0.8685173737261804	1.3558307013744362	0.9383149192788445	0.0	0.0	0.8569488569147122	0.0	0.002126383807448986	-239.66375066575674	11.187445444386226	21.39750337487612	10.442672156187113	11.722324911116134	11.97966202295734	7.506746853411823	2.603505108248977	1.4707435373373676	1.3890684044275978	0.6097729103871428	10	10	10	10	10	9	9	9	9	9	0.09822115300306351
